[Wed Mar 13 15:04:57.071077 2024] [mpm_winnt:notice] [pid 7964:tid 464] AH00455: Apache/2.4.54 (Win64) OpenSSL/1.1.1q PHP/8.1.10 configured -- resuming normal operations
[Wed Mar 13 15:04:57.071077 2024] [mpm_winnt:notice] [pid 7964:tid 464] AH00456: Apache Lounge VS16 Server built: Jun 22 2022 09:58:15
[Wed Mar 13 15:04:57.071077 2024] [core:notice] [pid 7964:tid 464] AH00094: Command line: 'C:\\laragon\\bin\\apache\\httpd-2.4.54-win64-VS16\\bin\\httpd -d C:/laragon/bin/apache/httpd-2.4.54-win64-VS16'
[Wed Mar 13 15:04:57.071077 2024] [mpm_winnt:notice] [pid 7964:tid 464] AH00418: Parent: Created child process 1268
Apache server restarting...
2024] [mpm_winnt:notice] [pid 1268:tid 452] AH00354: Child: Starting 64 worker threads.
[Wed Mar 13 15:05:56.081774 2024] [mpm_winnt:notice] [pid 7964:tid 464] AH00424: Parent: Received restart signal -- Restarting the server.
[Wed Mar 13 15:05:56.177054 2024] [mpm_winnt:notice] [pid 7964:tid 464] AH00455: Apache/2.4.54 (Win64) OpenSSL/1.1.1q PHP/8.1.10 configured -- resuming normal operations
[Wed Mar 13 15:05:56.178054 2024] [mpm_winnt:notice] [pid 7964:tid 464] AH00456: Apache Lounge VS16 Server built: Jun 22 2022 09:58:15
[Wed Mar 13 15:05:56.178054 2024] [core:notice] [pid 7964:tid 464] AH00094: Command line: 'C:\\laragon\\bin\\apache\\httpd-2.4.54-win64-VS16\\bin\\httpd -d C:/laragon/bin/apache/httpd-2.4.54-win64-VS16'
[Wed Mar 13 15:05:56.180052 2024] [mpm_winnt:notice] [pid 7964:tid 464] AH00418: Parent: Created child process 10160
Apache server restarting...
2024] [mpm_winnt:notice] [pid 10160:tid 456] AH00354: Child: Starting 64 worker threads.
[Wed Mar 13 15:05:58.102266 2024] [mpm_winnt:notice] [pid 1268:tid 452] AH00364: Child: All worker threads have exited.
[Wed Mar 13 16:34:17.184219 2024] [mpm_winnt:notice] [pid 7964:tid 464] AH00424: Parent: Received restart signal -- Restarting the server.
[Wed Mar 13 16:34:17.314186 2024] [mpm_winnt:notice] [pid 7964:tid 464] AH00455: Apache/2.4.54 (Win64) OpenSSL/1.1.1q PHP/8.1.10 configured -- resuming normal operations
[Wed Mar 13 16:34:17.314186 2024] [mpm_winnt:notice] [pid 7964:tid 464] AH00456: Apache Lounge VS16 Server built: Jun 22 2022 09:58:15
[Wed Mar 13 16:34:17.314186 2024] [core:notice] [pid 7964:tid 464] AH00094: Command line: 'C:\\laragon\\bin\\apache\\httpd-2.4.54-win64-VS16\\bin\\httpd -d C:/laragon/bin/apache/httpd-2.4.54-win64-VS16'
[Wed Mar 13 16:34:17.314186 2024] [mpm_winnt:notice] [pid 7964:tid 464] AH00418: Parent: Created child process 13032
Apache server restarting...
2024] [mpm_winnt:notice] [pid 13032:tid 448] AH00354: Child: Starting 64 worker threads.
[Wed Mar 13 16:34:19.540467 2024] [mpm_winnt:notice] [pid 10160:tid 456] AH00364: Child: All worker threads have exited.
[Wed Mar 13 16:38:46.610265 2024] [mpm_winnt:notice] [pid 7964:tid 464] AH00424: Parent: Received restart signal -- Restarting the server.
[Wed Mar 13 16:38:46.805061 2024] [mpm_winnt:notice] [pid 7964:tid 464] AH00455: Apache/2.4.54 (Win64) OpenSSL/1.1.1q PHP/8.1.10 configured -- resuming normal operations
[Wed Mar 13 16:38:46.805061 2024] [mpm_winnt:notice] [pid 7964:tid 464] AH00456: Apache Lounge VS16 Server built: Jun 22 2022 09:58:15
[Wed Mar 13 16:38:46.805061 2024] [core:notice] [pid 7964:tid 464] AH00094: Command line: 'C:\\laragon\\bin\\apache\\httpd-2.4.54-win64-VS16\\bin\\httpd -d C:/laragon/bin/apache/httpd-2.4.54-win64-VS16'
[Wed Mar 13 16:38:46.808060 2024] [mpm_winnt:notice] [pid 7964:tid 464] AH00418: Parent: Created child process 13288
Apache server interrupted...
024] [mpm_winnt:notice] [pid 13288:tid 472] AH00354: Child: Starting 64 worker threads.
[Wed Mar 13 16:38:48.626061 2024] [mpm_winnt:notice] [pid 13032:tid 448] AH00364: Child: All worker threads have exited.
[Wed Mar 13 16:47:51.260949 2024] [mpm_winnt:notice] [pid 7964:tid 464] AH00422: Parent: Received shutdown signal -- Shutting down the server.
[Wed Mar 13 16:47:53.273188 2024] [mpm_winnt:notice] [pid 13288:tid 472] AH00364: Child: All worker threads have exited.
[Wed Mar 13 16:54:28.166313 2024] [core:warn] [pid 880:tid 460] AH00098: pid file C:/laragon/bin/apache/httpd-2.4.54-win64-VS16/logs/httpd.pid overwritten -- Unclean shutdown of previous Apache run?
[Wed Mar 13 16:54:28.223348 2024] [mpm_winnt:notice] [pid 880:tid 460] AH00455: Apache/2.4.54 (Win64) OpenSSL/1.1.1q PHP/8.1.10 configured -- resuming normal operations
[Wed Mar 13 16:54:28.223348 2024] [mpm_winnt:notice] [pid 880:tid 460] AH00456: Apache Lounge VS16 Server built: Jun 22 2022 09:58:15
[Wed Mar 13 16:54:28.223348 2024] [core:notice] [pid 880:tid 460] AH00094: Command line: 'C:\\laragon\\bin\\apache\\httpd-2.4.54-win64-VS16\\bin\\httpd -d C:/laragon/bin/apache/httpd-2.4.54-win64-VS16'
[Wed Mar 13 16:54:28.226189 2024] [mpm_winnt:notice] [pid 880:tid 460] AH00418: Parent: Created child process 9308
Apache server interrupted...
024] [mpm_winnt:notice] [pid 9308:tid 432] AH00354: Child: Starting 64 worker threads.
[Wed Mar 13 16:58:32.518153 2024] [mpm_winnt:notice] [pid 880:tid 460] AH00422: Parent: Received shutdown signal -- Shutting down the server.
[Wed Mar 13 16:58:34.536345 2024] [mpm_winnt:notice] [pid 9308:tid 432] AH00364: Child: All worker threads have exited.
[Wed Mar 13 17:02:04.992192 2024] [core:warn] [pid 1364:tid 436] AH00098: pid file C:/laragon/bin/apache/httpd-2.4.54-win64-VS16/logs/httpd.pid overwritten -- Unclean shutdown of previous Apache run?
[Wed Mar 13 17:02:05.054014 2024] [mpm_winnt:notice] [pid 1364:tid 436] AH00455: Apache/2.4.54 (Win64) OpenSSL/1.1.1q PHP/8.1.10 configured -- resuming normal operations
[Wed Mar 13 17:02:05.054014 2024] [mpm_winnt:notice] [pid 1364:tid 436] AH00456: Apache Lounge VS16 Server built: Jun 22 2022 09:58:15
[Wed Mar 13 17:02:05.054014 2024] [core:notice] [pid 1364:tid 436] AH00094: Command line: 'C:\\laragon\\bin\\apache\\httpd-2.4.54-win64-VS16\\bin\\httpd -d C:/laragon/bin/apache/httpd-2.4.54-win64-VS16'
[Wed Mar 13 17:02:05.057011 2024] [mpm_winnt:notice] [pid 1364:tid 436] AH00418: Parent: Created child process 13492
Apache server interrupted...
024] [mpm_winnt:notice] [pid 13492:tid 456] AH00354: Child: Starting 64 worker threads.
[Wed Mar 13 19:04:26.382247 2024] [mpm_winnt:notice] [pid 1364:tid 436] AH00422: Parent: Received shutdown signal -- Shutting down the server.
[Wed Mar 13 19:04:28.413587 2024] [mpm_winnt:notice] [pid 13492:tid 456] AH00364: Child: All worker threads have exited.
[Tue Mar 19 10:09:11.179788 2024] [core:warn] [pid 8712:tid 452] AH00098: pid file C:/laragon/bin/apache/httpd-2.4.54-win64-VS16/logs/httpd.pid overwritten -- Unclean shutdown of previous Apache run?
[Tue Mar 19 10:09:28.359303 2024] [mpm_winnt:notice] [pid 8712:tid 452] AH00455: Apache/2.4.54 (Win64) OpenSSL/1.1.1q PHP/8.1.10 configured -- resuming normal operations
[Tue Mar 19 10:09:28.359303 2024] [mpm_winnt:notice] [pid 8712:tid 452] AH00456: Apache Lounge VS16 Server built: Jun 22 2022 09:58:15
[Tue Mar 19 10:09:28.359303 2024] [core:notice] [pid 8712:tid 452] AH00094: Command line: 'C:\\laragon\\bin\\apache\\httpd-2.4.54-win64-VS16\\bin\\httpd -d C:/laragon/bin/apache/httpd-2.4.54-win64-VS16'
[Tue Mar 19 10:09:28.364474 2024] [mpm_winnt:notice] [pid 8712:tid 452] AH00418: Parent: Created child process 12156
Apache server interrupted...
024] [mpm_winnt:notice] [pid 12156:tid 448] AH00354: Child: Starting 64 worker threads.
[Tue Mar 19 10:17:45.864713 2024] [mpm_winnt:notice] [pid 8712:tid 452] AH00422: Parent: Received shutdown signal -- Shutting down the server.
[Tue Mar 19 10:17:47.888074 2024] [mpm_winnt:notice] [pid 12156:tid 448] AH00364: Child: All worker threads have exited.
[Tue Mar 19 10:17:48.470639 2024] [mpm_winnt:notice] [pid 8712:tid 452] AH00430: Parent: Child process 12156 exited successfully.
[Tue Mar 19 10:18:44.030676 2024] [mpm_winnt:notice] [pid 7536:tid 436] AH00455: Apache/2.4.54 (Win64) OpenSSL/1.1.1q PHP/8.1.10 configured -- resuming normal operations
[Tue Mar 19 10:18:44.030676 2024] [mpm_winnt:notice] [pid 7536:tid 436] AH00456: Apache Lounge VS16 Server built: Jun 22 2022 09:58:15
[Tue Mar 19 10:18:44.030676 2024] [core:notice] [pid 7536:tid 436] AH00094: Command line: 'C:\\laragon\\bin\\apache\\httpd-2.4.54-win64-VS16\\bin\\httpd -d C:/laragon/bin/apache/httpd-2.4.54-win64-VS16'
[Tue Mar 19 10:18:44.035804 2024] [mpm_winnt:notice] [pid 7536:tid 436] AH00418: Parent: Created child process 13508
Apache server interrupted...
024] [mpm_winnt:notice] [pid 13508:tid 444] AH00354: Child: Starting 64 worker threads.
[Tue Mar 19 10:39:04.832154 2024] [mpm_winnt:notice] [pid 7536:tid 436] AH00422: Parent: Received shutdown signal -- Shutting down the server.
[Tue Mar 19 10:39:06.859210 2024] [mpm_winnt:notice] [pid 13508:tid 444] AH00364: Child: All worker threads have exited.
[Tue Mar 19 10:45:48.408906 2024] [core:warn] [pid 14196:tid 432] AH00098: pid file C:/laragon/bin/apache/httpd-2.4.54-win64-VS16/logs/httpd.pid overwritten -- Unclean shutdown of previous Apache run?
[Tue Mar 19 10:45:51.222868 2024] [mpm_winnt:notice] [pid 14196:tid 432] AH00455: Apache/2.4.54 (Win64) OpenSSL/1.1.1q PHP/8.1.10 configured -- resuming normal operations
[Tue Mar 19 10:45:51.222868 2024] [mpm_winnt:notice] [pid 14196:tid 432] AH00456: Apache Lounge VS16 Server built: Jun 22 2022 09:58:15
[Tue Mar 19 10:45:51.222868 2024] [core:notice] [pid 14196:tid 432] AH00094: Command line: 'C:\\laragon\\bin\\apache\\httpd-2.4.54-win64-VS16\\bin\\httpd -d C:/laragon/bin/apache/httpd-2.4.54-win64-VS16'
[Tue Mar 19 10:45:51.226865 2024] [mpm_winnt:notice] [pid 14196:tid 432] AH00418: Parent: Created child process 9780
Apache server interrupted...
024] [mpm_winnt:notice] [pid 9780:tid 440] AH00354: Child: Starting 64 worker threads.
[Tue Mar 19 18:47:57.447119 2024] [mpm_winnt:notice] [pid 14196:tid 432] AH00422: Parent: Received shutdown signal -- Shutting down the server.
[Tue Mar 19 18:47:59.477699 2024] [mpm_winnt:notice] [pid 9780:tid 440] AH00364: Child: All worker threads have exited.
[Wed Mar 20 13:32:54.785682 2024] [core:warn] [pid 2112:tid 472] AH00098: pid file C:/laragon/bin/apache/httpd-2.4.54-win64-VS16/logs/httpd.pid overwritten -- Unclean shutdown of previous Apache run?
[Wed Mar 20 13:33:00.220519 2024] [mpm_winnt:notice] [pid 2112:tid 472] AH00455: Apache/2.4.54 (Win64) OpenSSL/1.1.1q PHP/8.1.10 configured -- resuming normal operations
[Wed Mar 20 13:33:00.221518 2024] [mpm_winnt:notice] [pid 2112:tid 472] AH00456: Apache Lounge VS16 Server built: Jun 22 2022 09:58:15
[Wed Mar 20 13:33:00.221591 2024] [core:notice] [pid 2112:tid 472] AH00094: Command line: 'C:\\laragon\\bin\\apache\\httpd-2.4.54-win64-VS16\\bin\\httpd -d C:/laragon/bin/apache/httpd-2.4.54-win64-VS16'
[Wed Mar 20 13:33:00.228710 2024] [mpm_winnt:notice] [pid 2112:tid 472] AH00418: Parent: Created child process 8608
Apache server interrupted...
024] [mpm_winnt:notice] [pid 8608:tid 452] AH00354: Child: Starting 64 worker threads.
[Wed Mar 20 14:06:57.949955 2024] [mpm_winnt:notice] [pid 2112:tid 472] AH00422: Parent: Received shutdown signal -- Shutting down the server.
[Wed Mar 20 14:06:59.978368 2024] [mpm_winnt:notice] [pid 8608:tid 452] AH00364: Child: All worker threads have exited.
[Wed Mar 20 14:09:07.819991 2024] [core:warn] [pid 1552:tid 448] AH00098: pid file C:/laragon/bin/apache/httpd-2.4.54-win64-VS16/logs/httpd.pid overwritten -- Unclean shutdown of previous Apache run?
[Wed Mar 20 14:09:07.886713 2024] [mpm_winnt:notice] [pid 1552:tid 448] AH00455: Apache/2.4.54 (Win64) OpenSSL/1.1.1q PHP/8.1.10 configured -- resuming normal operations
[Wed Mar 20 14:09:07.886713 2024] [mpm_winnt:notice] [pid 1552:tid 448] AH00456: Apache Lounge VS16 Server built: Jun 22 2022 09:58:15
[Wed Mar 20 14:09:07.886713 2024] [core:notice] [pid 1552:tid 448] AH00094: Command line: 'C:\\laragon\\bin\\apache\\httpd-2.4.54-win64-VS16\\bin\\httpd -d C:/laragon/bin/apache/httpd-2.4.54-win64-VS16'
[Wed Mar 20 14:09:07.886713 2024] [mpm_winnt:notice] [pid 1552:tid 448] AH00418: Parent: Created child process 12816
Apache server interrupted...
024] [mpm_winnt:notice] [pid 12816:tid 440] AH00354: Child: Starting 64 worker threads.
[Wed Mar 20 18:31:46.654430 2024] [mpm_winnt:notice] [pid 1552:tid 448] AH00422: Parent: Received shutdown signal -- Shutting down the server.
[Wed Mar 20 18:31:48.659691 2024] [mpm_winnt:notice] [pid 12816:tid 440] AH00364: Child: All worker threads have exited.
[Thu Mar 21 10:20:44.118454 2024] [core:warn] [pid 4028:tid 444] AH00098: pid file C:/laragon/bin/apache/httpd-2.4.54-win64-VS16/logs/httpd.pid overwritten -- Unclean shutdown of previous Apache run?
[Thu Mar 21 10:20:46.904968 2024] [mpm_winnt:notice] [pid 4028:tid 444] AH00455: Apache/2.4.54 (Win64) OpenSSL/1.1.1q PHP/8.1.10 configured -- resuming normal operations
[Thu Mar 21 10:20:46.904968 2024] [mpm_winnt:notice] [pid 4028:tid 444] AH00456: Apache Lounge VS16 Server built: Jun 22 2022 09:58:15
[Thu Mar 21 10:20:46.904968 2024] [core:notice] [pid 4028:tid 444] AH00094: Command line: 'C:\\laragon\\bin\\apache\\httpd-2.4.54-win64-VS16\\bin\\httpd -d C:/laragon/bin/apache/httpd-2.4.54-win64-VS16'
[Thu Mar 21 10:20:46.908965 2024] [mpm_winnt:notice] [pid 4028:tid 444] AH00418: Parent: Created child process 6568
Apache server interrupted...
024] [mpm_winnt:notice] [pid 6568:tid 456] AH00354: Child: Starting 64 worker threads.
[Thu Mar 21 10:25:11.564593 2024] [mpm_winnt:notice] [pid 4028:tid 444] AH00422: Parent: Received shutdown signal -- Shutting down the server.
[Thu Mar 21 10:25:13.581235 2024] [mpm_winnt:notice] [pid 6568:tid 456] AH00364: Child: All worker threads have exited.
[Thu Mar 21 10:32:09.157376 2024] [core:warn] [pid 13012:tid 452] AH00098: pid file C:/laragon/bin/apache/httpd-2.4.54-win64-VS16/logs/httpd.pid overwritten -- Unclean shutdown of previous Apache run?
[Thu Mar 21 10:32:09.218042 2024] [mpm_winnt:notice] [pid 13012:tid 452] AH00455: Apache/2.4.54 (Win64) OpenSSL/1.1.1q PHP/8.1.10 configured -- resuming normal operations
[Thu Mar 21 10:32:09.218042 2024] [mpm_winnt:notice] [pid 13012:tid 452] AH00456: Apache Lounge VS16 Server built: Jun 22 2022 09:58:15
[Thu Mar 21 10:32:09.218042 2024] [core:notice] [pid 13012:tid 452] AH00094: Command line: 'C:\\laragon\\bin\\apache\\httpd-2.4.54-win64-VS16\\bin\\httpd -d C:/laragon/bin/apache/httpd-2.4.54-win64-VS16'
[Thu Mar 21 10:32:09.222067 2024] [mpm_winnt:notice] [pid 13012:tid 452] AH00418: Parent: Created child process 3044
Apache server interrupted...
024] [mpm_winnt:notice] [pid 3044:tid 448] AH00354: Child: Starting 64 worker threads.
[Thu Mar 21 15:54:00.924267 2024] [mpm_winnt:notice] [pid 13012:tid 452] AH00422: Parent: Received shutdown signal -- Shutting down the server.
[Thu Mar 21 15:54:02.955455 2024] [mpm_winnt:notice] [pid 3044:tid 448] AH00364: Child: All worker threads have exited.
[Thu Mar 21 16:11:01.484169 2024] [core:warn] [pid 16084:tid 428] AH00098: pid file C:/laragon/bin/apache/httpd-2.4.54-win64-VS16/logs/httpd.pid overwritten -- Unclean shutdown of previous Apache run?
[Thu Mar 21 16:11:05.221277 2024] [mpm_winnt:notice] [pid 16084:tid 428] AH00455: Apache/2.4.54 (Win64) OpenSSL/1.1.1q PHP/8.1.10 configured -- resuming normal operations
[Thu Mar 21 16:11:05.221277 2024] [mpm_winnt:notice] [pid 16084:tid 428] AH00456: Apache Lounge VS16 Server built: Jun 22 2022 09:58:15
[Thu Mar 21 16:11:05.221277 2024] [core:notice] [pid 16084:tid 428] AH00094: Command line: 'C:\\laragon\\bin\\apache\\httpd-2.4.54-win64-VS16\\bin\\httpd -d C:/laragon/bin/apache/httpd-2.4.54-win64-VS16'
[Thu Mar 21 16:11:05.221277 2024] [mpm_winnt:notice] [pid 16084:tid 428] AH00418: Parent: Created child process 17332
[Thu Mar 21 16:11:05.802166 2024] [mpm_winnt:notice] [pid 17332:tid 432] AH00354: Child: Starting 64 worker threads.
[Thu Mar 21 19:31:45.534153 2024] [mpm_winnt:crit] [pid 17332:tid 432] AH02538: Child: Parent process exited abruptly. Child process is ending
[Thu Mar 21 19:31:47.565314 2024] [mpm_winnt:notice] [pid 17332:tid 432] AH00364: Child: All worker threads have exited.
[Fri Mar 22 09:55:09.311408 2024] [core:warn] [pid 10884:tid 428] AH00098: pid file C:/laragon/bin/apache/httpd-2.4.54-win64-VS16/logs/httpd.pid overwritten -- Unclean shutdown of previous Apache run?
[Fri Mar 22 09:55:13.955826 2024] [mpm_winnt:notice] [pid 10884:tid 428] AH00455: Apache/2.4.54 (Win64) OpenSSL/1.1.1q PHP/8.1.10 configured -- resuming normal operations
[Fri Mar 22 09:55:13.955826 2024] [mpm_winnt:notice] [pid 10884:tid 428] AH00456: Apache Lounge VS16 Server built: Jun 22 2022 09:58:15
[Fri Mar 22 09:55:13.955826 2024] [core:notice] [pid 10884:tid 428] AH00094: Command line: 'C:\\laragon\\bin\\apache\\httpd-2.4.54-win64-VS16\\bin\\httpd -d C:/laragon/bin/apache/httpd-2.4.54-win64-VS16'
[Fri Mar 22 09:55:13.955826 2024] [mpm_winnt:notice] [pid 10884:tid 428] AH00418: Parent: Created child process 9640
[Fri Mar 22 09:55:14.762080 2024] [mpm_winnt:notice] [pid 9640:tid 448] AH00354: Child: Starting 64 worker threads.
[Mon Apr 01 09:53:03.341064 2024] [core:warn] [pid 13192:tid 444] AH00098: pid file C:/laragon/bin/apache/httpd-2.4.54-win64-VS16/logs/httpd.pid overwritten -- Unclean shutdown of previous Apache run?
[Mon Apr 01 09:53:11.361388 2024] [mpm_winnt:notice] [pid 13192:tid 444] AH00455: Apache/2.4.54 (Win64) OpenSSL/1.1.1q PHP/8.1.10 configured -- resuming normal operations
[Mon Apr 01 09:53:11.361388 2024] [mpm_winnt:notice] [pid 13192:tid 444] AH00456: Apache Lounge VS16 Server built: Jun 22 2022 09:58:15
[Mon Apr 01 09:53:11.361388 2024] [core:notice] [pid 13192:tid 444] AH00094: Command line: 'C:\\laragon\\bin\\apache\\httpd-2.4.54-win64-VS16\\bin\\httpd -d C:/laragon/bin/apache/httpd-2.4.54-win64-VS16'
[Mon Apr 01 09:53:11.411789 2024] [mpm_winnt:notice] [pid 13192:tid 444] AH00418: Parent: Created child process 13224
Apache server interrupted...
024] [mpm_winnt:notice] [pid 13224:tid 432] AH00354: Child: Starting 64 worker threads.
[Mon Apr 01 09:54:09.073071 2024] [mpm_winnt:notice] [pid 13192:tid 444] AH00422: Parent: Received shutdown signal -- Shutting down the server.
[Mon Apr 01 09:54:11.094605 2024] [mpm_winnt:notice] [pid 13224:tid 432] AH00364: Child: All worker threads have exited.
[Mon Apr 01 09:56:27.467072 2024] [core:warn] [pid 14080:tid 428] AH00098: pid file C:/laragon/bin/apache/httpd-2.4.54-win64-VS16/logs/httpd.pid overwritten -- Unclean shutdown of previous Apache run?
[Mon Apr 01 09:56:27.533030 2024] [mpm_winnt:notice] [pid 14080:tid 428] AH00455: Apache/2.4.54 (Win64) OpenSSL/1.1.1q PHP/8.1.10 configured -- resuming normal operations
[Mon Apr 01 09:56:27.533030 2024] [mpm_winnt:notice] [pid 14080:tid 428] AH00456: Apache Lounge VS16 Server built: Jun 22 2022 09:58:15
[Mon Apr 01 09:56:27.533030 2024] [core:notice] [pid 14080:tid 428] AH00094: Command line: 'C:\\laragon\\bin\\apache\\httpd-2.4.54-win64-VS16\\bin\\httpd -d C:/laragon/bin/apache/httpd-2.4.54-win64-VS16'
[Mon Apr 01 09:56:27.536029 2024] [mpm_winnt:notice] [pid 14080:tid 428] AH00418: Parent: Created child process 6484
Apache server interrupted...
024] [mpm_winnt:notice] [pid 6484:tid 452] AH00354: Child: Starting 64 worker threads.
[Mon Apr 01 12:11:56.532424 2024] [mpm_winnt:notice] [pid 14080:tid 428] AH00422: Parent: Received shutdown signal -- Shutting down the server.
[Mon Apr 01 12:11:58.550686 2024] [mpm_winnt:notice] [pid 6484:tid 452] AH00364: Child: All worker threads have exited.
[Mon Apr 01 12:12:07.772538 2024] [core:warn] [pid 7420:tid 476] AH00098: pid file C:/laragon/bin/apache/httpd-2.4.54-win64-VS16/logs/httpd.pid overwritten -- Unclean shutdown of previous Apache run?
[Mon Apr 01 12:12:11.838860 2024] [mpm_winnt:notice] [pid 7420:tid 476] AH00455: Apache/2.4.54 (Win64) OpenSSL/1.1.1q PHP/8.1.10 configured -- resuming normal operations
[Mon Apr 01 12:12:11.838860 2024] [mpm_winnt:notice] [pid 7420:tid 476] AH00456: Apache Lounge VS16 Server built: Jun 22 2022 09:58:15
[Mon Apr 01 12:12:11.838860 2024] [core:notice] [pid 7420:tid 476] AH00094: Command line: 'C:\\laragon\\bin\\apache\\httpd-2.4.54-win64-VS16\\bin\\httpd -d C:/laragon/bin/apache/httpd-2.4.54-win64-VS16'
[Mon Apr 01 12:12:11.842857 2024] [mpm_winnt:notice] [pid 7420:tid 476] AH00418: Parent: Created child process 10724
Apache server interrupted...
024] [mpm_winnt:notice] [pid 10724:tid 432] AH00354: Child: Starting 64 worker threads.
[Mon Apr 01 15:52:13.972552 2024] [mpm_winnt:notice] [pid 7420:tid 476] AH00422: Parent: Received shutdown signal -- Shutting down the server.
[Mon Apr 01 15:52:15.982778 2024] [mpm_winnt:notice] [pid 10724:tid 432] AH00364: Child: All worker threads have exited.
[Mon Apr 01 16:51:27.572846 2024] [core:warn] [pid 12024:tid 428] AH00098: pid file C:/laragon/bin/apache/httpd-2.4.54-win64-VS16/logs/httpd.pid overwritten -- Unclean shutdown of previous Apache run?
[Mon Apr 01 16:51:29.365280 2024] [mpm_winnt:notice] [pid 12024:tid 428] AH00455: Apache/2.4.54 (Win64) OpenSSL/1.1.1q PHP/8.1.10 configured -- resuming normal operations
[Mon Apr 01 16:51:29.366294 2024] [mpm_winnt:notice] [pid 12024:tid 428] AH00456: Apache Lounge VS16 Server built: Jun 22 2022 09:58:15
[Mon Apr 01 16:51:29.366294 2024] [core:notice] [pid 12024:tid 428] AH00094: Command line: 'C:\\laragon\\bin\\apache\\httpd-2.4.54-win64-VS16\\bin\\httpd -d C:/laragon/bin/apache/httpd-2.4.54-win64-VS16'
[Mon Apr 01 16:51:29.370341 2024] [mpm_winnt:notice] [pid 12024:tid 428] AH00418: Parent: Created child process 11952
Apache server interrupted...
024] [mpm_winnt:notice] [pid 11952:tid 456] AH00354: Child: Starting 64 worker threads.
[Mon Apr 01 17:53:25.950740 2024] [mpm_winnt:notice] [pid 12024:tid 428] AH00422: Parent: Received shutdown signal -- Shutting down the server.
[Mon Apr 01 17:53:27.974616 2024] [mpm_winnt:notice] [pid 11952:tid 456] AH00364: Child: All worker threads have exited.
[Wed Apr 03 10:15:18.274531 2024] [core:warn] [pid 7696:tid 428] AH00098: pid file C:/laragon/bin/apache/httpd-2.4.54-win64-VS16/logs/httpd.pid overwritten -- Unclean shutdown of previous Apache run?
[Wed Apr 03 10:15:28.852426 2024] [mpm_winnt:notice] [pid 7696:tid 428] AH00455: Apache/2.4.54 (Win64) OpenSSL/1.1.1q PHP/8.1.10 configured -- resuming normal operations
[Wed Apr 03 10:15:28.852426 2024] [mpm_winnt:notice] [pid 7696:tid 428] AH00456: Apache Lounge VS16 Server built: Jun 22 2022 09:58:15
[Wed Apr 03 10:15:28.852426 2024] [core:notice] [pid 7696:tid 428] AH00094: Command line: 'C:\\laragon\\bin\\apache\\httpd-2.4.54-win64-VS16\\bin\\httpd -d C:/laragon/bin/apache/httpd-2.4.54-win64-VS16'
[Wed Apr 03 10:15:28.852426 2024] [mpm_winnt:notice] [pid 7696:tid 428] AH00418: Parent: Created child process 11876
Apache server restarting...
2024] [mpm_winnt:notice] [pid 11876:tid 472] AH00354: Child: Starting 64 worker threads.
[Wed Apr 03 10:57:59.362301 2024] [mpm_winnt:notice] [pid 7696:tid 428] AH00424: Parent: Received restart signal -- Restarting the server.
[Wed Apr 03 10:57:59.593141 2024] [mpm_winnt:notice] [pid 7696:tid 428] AH00455: Apache/2.4.54 (Win64) OpenSSL/1.1.1q PHP/8.1.10 configured -- resuming normal operations
[Wed Apr 03 10:57:59.593141 2024] [mpm_winnt:notice] [pid 7696:tid 428] AH00456: Apache Lounge VS16 Server built: Jun 22 2022 09:58:15
[Wed Apr 03 10:57:59.593141 2024] [core:notice] [pid 7696:tid 428] AH00094: Command line: 'C:\\laragon\\bin\\apache\\httpd-2.4.54-win64-VS16\\bin\\httpd -d C:/laragon/bin/apache/httpd-2.4.54-win64-VS16'
[Wed Apr 03 10:57:59.599137 2024] [mpm_winnt:notice] [pid 7696:tid 428] AH00418: Parent: Created child process 9696
Apache server restarting...
Apache server restarting...
[Wed Apr 03 10:58:00.972043 2024] [mpm_winnt:notice] [pid 7696:tid 428] AH00424: Parent: Received restart signal -- Restarting the server.
[Wed Apr 03 10:58:00.977186 2024] [mpm_winnt:notice] [pid 9696:tid 432] AH00354: Child: Starting 64 worker threads.
[Wed Apr 03 10:58:00.980225 2024] [mpm_winnt:error] [pid 9696:tid 492] (OS 10038)Se intentó realizar una operación en un elemento que no es un socket.  : AH00332: winnt_accept: getsockname error on listening socket, is IPv6 available?
[Wed Apr 03 10:58:00.980225 2024] [mpm_winnt:error] [pid 9696:tid 1232] (OS 10038)Se intentó realizar una operación en un elemento que no es un socket.  : AH00332: winnt_accept: getsockname error on listening socket, is IPv6 available?
[Wed Apr 03 10:58:00.980225 2024] [mpm_winnt:error] [pid 9696:tid 1252] (OS 10038)Se intentó realizar una operación en un elemento que no es un socket.  : AH00332: winnt_accept: getsockname error on listening socket, is IPv6 available?
[Wed Apr 03 10:58:00.980225 2024] [mpm_winnt:error] [pid 9696:tid 1256] (OS 10038)Se intentó realizar una operación en un elemento que no es un socket.  : AH00332: winnt_accept: getsockname error on listening socket, is IPv6 available?
[Wed Apr 03 10:58:01.170713 2024] [mpm_winnt:notice] [pid 7696:tid 428] AH00455: Apache/2.4.54 (Win64) OpenSSL/1.1.1q PHP/8.1.10 configured -- resuming normal operations
[Wed Apr 03 10:58:01.170713 2024] [mpm_winnt:notice] [pid 7696:tid 428] AH00456: Apache Lounge VS16 Server built: Jun 22 2022 09:58:15
[Wed Apr 03 10:58:01.170713 2024] [core:notice] [pid 7696:tid 428] AH00094: Command line: 'C:\\laragon\\bin\\apache\\httpd-2.4.54-win64-VS16\\bin\\httpd -d C:/laragon/bin/apache/httpd-2.4.54-win64-VS16'
[Wed Apr 03 10:58:01.173831 2024] [mpm_winnt:notice] [pid 7696:tid 428] AH00418: Parent: Created child process 1796
Apache server restarting...
2024] [mpm_winnt:notice] [pid 11876:tid 472] AH00364: Child: All worker threads have exited.
[Wed Apr 03 10:58:02.198089 2024] [mpm_winnt:notice] [pid 1796:tid 432] AH00354: Child: Starting 64 worker threads.
[Wed Apr 03 10:58:02.984527 2024] [mpm_winnt:notice] [pid 9696:tid 432] AH00364: Child: All worker threads have exited.
[Wed Apr 03 11:01:14.850619 2024] [mpm_winnt:notice] [pid 7696:tid 428] AH00424: Parent: Received restart signal -- Restarting the server.
[Wed Apr 03 11:01:15.094860 2024] [mpm_winnt:notice] [pid 7696:tid 428] AH00455: Apache/2.4.54 (Win64) OpenSSL/1.1.1q PHP/8.1.10 configured -- resuming normal operations
[Wed Apr 03 11:01:15.094860 2024] [mpm_winnt:notice] [pid 7696:tid 428] AH00456: Apache Lounge VS16 Server built: Jun 22 2022 09:58:15
[Wed Apr 03 11:01:15.094860 2024] [core:notice] [pid 7696:tid 428] AH00094: Command line: 'C:\\laragon\\bin\\apache\\httpd-2.4.54-win64-VS16\\bin\\httpd -d C:/laragon/bin/apache/httpd-2.4.54-win64-VS16'
[Wed Apr 03 11:01:15.099594 2024] [mpm_winnt:notice] [pid 7696:tid 428] AH00418: Parent: Created child process 13120
Apache server restarting...
Apache server restarting...
[Wed Apr 03 11:01:16.576442 2024] [mpm_winnt:notice] [pid 7696:tid 428] AH00424: Parent: Received restart signal -- Restarting the server.
[Wed Apr 03 11:01:16.584004 2024] [mpm_winnt:notice] [pid 13120:tid 456] AH00354: Child: Starting 64 worker threads.
[Wed Apr 03 11:01:16.591037 2024] [mpm_winnt:error] [pid 13120:tid 1036] (OS 10038)Se intentó realizar una operación en un elemento que no es un socket.  : AH00332: winnt_accept: getsockname error on listening socket, is IPv6 available?
[Wed Apr 03 11:01:16.595029 2024] [mpm_winnt:error] [pid 13120:tid 1200] (OS 10038)Se intentó realizar una operación en un elemento que no es un socket.  : AH00332: winnt_accept: getsockname error on listening socket, is IPv6 available?
[Wed Apr 03 11:01:16.595029 2024] [mpm_winnt:error] [pid 13120:tid 1204] (OS 10038)Se intentó realizar una operación en un elemento que no es un socket.  : AH00332: winnt_accept: getsockname error on listening socket, is IPv6 available?
[Wed Apr 03 11:01:16.595029 2024] [mpm_winnt:error] [pid 13120:tid 1208] (OS 10038)Se intentó realizar una operación en un elemento que no es un socket.  : AH00332: winnt_accept: getsockname error on listening socket, is IPv6 available?
[Wed Apr 03 11:01:16.758683 2024] [mpm_winnt:notice] [pid 7696:tid 428] AH00455: Apache/2.4.54 (Win64) OpenSSL/1.1.1q PHP/8.1.10 configured -- resuming normal operations
[Wed Apr 03 11:01:16.758747 2024] [mpm_winnt:notice] [pid 7696:tid 428] AH00456: Apache Lounge VS16 Server built: Jun 22 2022 09:58:15
[Wed Apr 03 11:01:16.758747 2024] [core:notice] [pid 7696:tid 428] AH00094: Command line: 'C:\\laragon\\bin\\apache\\httpd-2.4.54-win64-VS16\\bin\\httpd -d C:/laragon/bin/apache/httpd-2.4.54-win64-VS16'
[Wed Apr 03 11:01:16.760777 2024] [mpm_winnt:notice] [pid 7696:tid 428] AH00418: Parent: Created child process 11412
Apache server restarting...
2024] [mpm_winnt:notice] [pid 11412:tid 444] AH00354: Child: Starting 64 worker threads.
[Wed Apr 03 11:01:18.603872 2024] [mpm_winnt:notice] [pid 13120:tid 456] AH00364: Child: All worker threads have exited.
[Wed Apr 03 11:01:18.927712 2024] [mpm_winnt:notice] [pid 1796:tid 432] AH00364: Child: All worker threads have exited.
[Wed Apr 03 12:55:07.893044 2024] [mpm_winnt:notice] [pid 7696:tid 428] AH00424: Parent: Received restart signal -- Restarting the server.
Apache server restarting...
Apache server restarting...
[Wed Apr 03 12:55:09.329541 2024] [mpm_winnt:notice] [pid 7696:tid 428] AH00455: Apache/2.4.54 (Win64) OpenSSL/1.1.1q PHP/8.1.10 configured -- resuming normal operations
[Wed Apr 03 12:55:09.329541 2024] [mpm_winnt:notice] [pid 7696:tid 428] AH00456: Apache Lounge VS16 Server built: Jun 22 2022 09:58:15
[Wed Apr 03 12:55:09.329541 2024] [core:notice] [pid 7696:tid 428] AH00094: Command line: 'C:\\laragon\\bin\\apache\\httpd-2.4.54-win64-VS16\\bin\\httpd -d C:/laragon/bin/apache/httpd-2.4.54-win64-VS16'
[Wed Apr 03 12:55:09.329541 2024] [mpm_winnt:notice] [pid 7696:tid 428] AH00418: Parent: Created child process 9732
Apache server restarting...
Apache server restarting...
[Wed Apr 03 12:55:09.924374 2024] [mpm_winnt:notice] [pid 11412:tid 444] AH00364: Child: All worker threads have exited.
[Wed Apr 03 12:55:10.239145 2024] [mpm_winnt:notice] [pid 7696:tid 428] AH00424: Parent: Received restart signal -- Restarting the server.
[Wed Apr 03 12:55:10.249521 2024] [mpm_winnt:notice] [pid 9732:tid 448] AH00354: Child: Starting 64 worker threads.
[Wed Apr 03 12:55:10.249521 2024] [mpm_winnt:error] [pid 9732:tid 1208] (OS 10038)Se intentó realizar una operación en un elemento que no es un socket.  : AH00332: winnt_accept: getsockname error on listening socket, is IPv6 available?
[Wed Apr 03 12:55:10.249521 2024] [mpm_winnt:error] [pid 9732:tid 1216] (OS 10038)Se intentó realizar una operación en un elemento que no es un socket.  : AH00332: winnt_accept: getsockname error on listening socket, is IPv6 available?
[Wed Apr 03 12:55:10.249521 2024] [mpm_winnt:error] [pid 9732:tid 1224] (OS 10038)Se intentó realizar una operación en un elemento que no es un socket.  : AH00332: winnt_accept: getsockname error on listening socket, is IPv6 available?
[Wed Apr 03 12:55:10.249521 2024] [mpm_winnt:error] [pid 9732:tid 1236] (OS 10038)Se intentó realizar una operación en un elemento que no es un socket.  : AH00332: winnt_accept: getsockname error on listening socket, is IPv6 available?
[Wed Apr 03 12:55:10.319044 2024] [mpm_winnt:notice] [pid 7696:tid 428] AH00455: Apache/2.4.54 (Win64) OpenSSL/1.1.1q PHP/8.1.10 configured -- resuming normal operations
[Wed Apr 03 12:55:10.319131 2024] [mpm_winnt:notice] [pid 7696:tid 428] AH00456: Apache Lounge VS16 Server built: Jun 22 2022 09:58:15
[Wed Apr 03 12:55:10.319131 2024] [core:notice] [pid 7696:tid 428] AH00094: Command line: 'C:\\laragon\\bin\\apache\\httpd-2.4.54-win64-VS16\\bin\\httpd -d C:/laragon/bin/apache/httpd-2.4.54-win64-VS16'
[Wed Apr 03 12:55:10.319131 2024] [mpm_winnt:notice] [pid 7696:tid 428] AH00418: Parent: Created child process 2408
Apache server restarting...
2024] [mpm_winnt:notice] [pid 2408:tid 448] AH00354: Child: Starting 64 worker threads.
[Wed Apr 03 12:55:12.258665 2024] [mpm_winnt:notice] [pid 9732:tid 448] AH00364: Child: All worker threads have exited.
[Wed Apr 03 12:55:56.182075 2024] [mpm_winnt:notice] [pid 7696:tid 428] AH00424: Parent: Received restart signal -- Restarting the server.
[Wed Apr 03 12:55:56.275823 2024] [mpm_winnt:notice] [pid 7696:tid 428] AH00455: Apache/2.4.54 (Win64) OpenSSL/1.1.1q PHP/8.1.10 configured -- resuming normal operations
[Wed Apr 03 12:55:56.275823 2024] [mpm_winnt:notice] [pid 7696:tid 428] AH00456: Apache Lounge VS16 Server built: Jun 22 2022 09:58:15
[Wed Apr 03 12:55:56.275823 2024] [core:notice] [pid 7696:tid 428] AH00094: Command line: 'C:\\laragon\\bin\\apache\\httpd-2.4.54-win64-VS16\\bin\\httpd -d C:/laragon/bin/apache/httpd-2.4.54-win64-VS16'
[Wed Apr 03 12:55:56.275823 2024] [mpm_winnt:notice] [pid 7696:tid 428] AH00418: Parent: Created child process 12668
Apache server restarting...
[Wed Apr 03 12:55:57.058212 2024] [mpm_winnt:notice] [pid 7696:tid 428] AH00424: Parent: Received restart signal -- Restarting the server.
[Wed Apr 03 12:55:57.140736 2024] [mpm_winnt:notice] [pid 7696:tid 428] AH00455: Apache/2.4.54 (Win64) OpenSSL/1.1.1q PHP/8.1.10 configured -- resuming normal operations
[Wed Apr 03 12:55:57.140736 2024] [mpm_winnt:notice] [pid 7696:tid 428] AH00456: Apache Lounge VS16 Server built: Jun 22 2022 09:58:15
[Wed Apr 03 12:55:57.140736 2024] [core:notice] [pid 7696:tid 428] AH00094: Command line: 'C:\\laragon\\bin\\apache\\httpd-2.4.54-win64-VS16\\bin\\httpd -d C:/laragon/bin/apache/httpd-2.4.54-win64-VS16'
[Wed Apr 03 12:55:57.140736 2024] [mpm_winnt:notice] [pid 7696:tid 428] AH00418: Parent: Created child process 9116
Apache server interrupted...
024] [mpm_winnt:notice] [pid 12668:tid 452] AH00354: Child: Starting 64 worker threads.
[Wed Apr 03 12:55:57.208328 2024] [mpm_winnt:error] [pid 12668:tid 1204] (OS 10038)Se intentó realizar una operación en un elemento que no es un socket.  : AH00332: winnt_accept: getsockname error on listening socket, is IPv6 available?
[Wed Apr 03 12:55:57.208328 2024] [mpm_winnt:error] [pid 12668:tid 1212] (OS 10038)Se intentó realizar una operación en un elemento que no es un socket.  : AH00332: winnt_accept: getsockname error on listening socket, is IPv6 available?
[Wed Apr 03 12:55:57.208328 2024] [mpm_winnt:error] [pid 12668:tid 1208] (OS 10038)Se intentó realizar una operación en un elemento que no es un socket.  : AH00332: winnt_accept: getsockname error on listening socket, is IPv6 available?
[Wed Apr 03 12:55:57.208328 2024] [mpm_winnt:error] [pid 12668:tid 1220] (OS 10038)Se intentó realizar una operación en un elemento que no es un socket.  : AH00332: winnt_accept: getsockname error on listening socket, is IPv6 available?
[Wed Apr 03 12:55:58.218336 2024] [mpm_winnt:notice] [pid 9116:tid 444] AH00354: Child: Starting 64 worker threads.
[Wed Apr 03 12:55:58.218336 2024] [mpm_winnt:notice] [pid 2408:tid 448] AH00364: Child: All worker threads have exited.
[Wed Apr 03 12:55:59.221163 2024] [mpm_winnt:notice] [pid 12668:tid 452] AH00364: Child: All worker threads have exited.
[Wed Apr 03 13:31:55.586203 2024] [mpm_winnt:notice] [pid 7696:tid 428] AH00422: Parent: Received shutdown signal -- Shutting down the server.
[Wed Apr 03 13:31:57.612493 2024] [mpm_winnt:notice] [pid 9116:tid 444] AH00364: Child: All worker threads have exited.
[Wed Apr 03 13:43:20.612618 2024] [core:warn] [pid 8644:tid 472] AH00098: pid file C:/laragon/bin/apache/httpd-2.4.54-win64-VS16/logs/httpd.pid overwritten -- Unclean shutdown of previous Apache run?
[Wed Apr 03 13:43:20.686644 2024] [mpm_winnt:notice] [pid 8644:tid 472] AH00455: Apache/2.4.54 (Win64) OpenSSL/1.1.1q PHP/8.1.10 configured -- resuming normal operations
[Wed Apr 03 13:43:20.686644 2024] [mpm_winnt:notice] [pid 8644:tid 472] AH00456: Apache Lounge VS16 Server built: Jun 22 2022 09:58:15
[Wed Apr 03 13:43:20.686644 2024] [core:notice] [pid 8644:tid 472] AH00094: Command line: 'C:\\laragon\\bin\\apache\\httpd-2.4.54-win64-VS16\\bin\\httpd -d C:/laragon/bin/apache/httpd-2.4.54-win64-VS16'
[Wed Apr 03 13:43:20.690641 2024] [mpm_winnt:notice] [pid 8644:tid 472] AH00418: Parent: Created child process 12316
Apache server interrupted...
024] [mpm_winnt:notice] [pid 12316:tid 448] AH00354: Child: Starting 64 worker threads.
[Wed Apr 03 13:48:50.871933 2024] [mpm_winnt:notice] [pid 8644:tid 472] AH00422: Parent: Received shutdown signal -- Shutting down the server.
[Wed Apr 03 13:48:52.894343 2024] [mpm_winnt:notice] [pid 12316:tid 448] AH00364: Child: All worker threads have exited.
[Wed Apr 03 13:53:50.606857 2024] [core:warn] [pid 15076:tid 452] AH00098: pid file C:/laragon/bin/apache/httpd-2.4.54-win64-VS16/logs/httpd.pid overwritten -- Unclean shutdown of previous Apache run?
[Wed Apr 03 13:53:50.666228 2024] [mpm_winnt:notice] [pid 15076:tid 452] AH00455: Apache/2.4.54 (Win64) OpenSSL/1.1.1q PHP/8.1.10 configured -- resuming normal operations
[Wed Apr 03 13:53:50.666228 2024] [mpm_winnt:notice] [pid 15076:tid 452] AH00456: Apache Lounge VS16 Server built: Jun 22 2022 09:58:15
[Wed Apr 03 13:53:50.666228 2024] [core:notice] [pid 15076:tid 452] AH00094: Command line: 'C:\\laragon\\bin\\apache\\httpd-2.4.54-win64-VS16\\bin\\httpd -d C:/laragon/bin/apache/httpd-2.4.54-win64-VS16'
[Wed Apr 03 13:53:50.670036 2024] [mpm_winnt:notice] [pid 15076:tid 452] AH00418: Parent: Created child process 15288
Apache server interrupted...
024] [mpm_winnt:notice] [pid 15288:tid 468] AH00354: Child: Starting 64 worker threads.
[Wed Apr 03 13:56:56.982182 2024] [mpm_winnt:notice] [pid 15076:tid 452] AH00422: Parent: Received shutdown signal -- Shutting down the server.
[Wed Apr 03 13:56:59.002332 2024] [mpm_winnt:notice] [pid 15288:tid 468] AH00364: Child: All worker threads have exited.
[Wed Apr 03 14:17:37.312071 2024] [core:warn] [pid 8484:tid 460] AH00098: pid file C:/laragon/bin/apache/httpd-2.4.54-win64-VS16/logs/httpd.pid overwritten -- Unclean shutdown of previous Apache run?
[Wed Apr 03 14:17:37.368740 2024] [mpm_winnt:notice] [pid 8484:tid 460] AH00455: Apache/2.4.54 (Win64) OpenSSL/1.1.1q PHP/8.1.10 configured -- resuming normal operations
[Wed Apr 03 14:17:37.368740 2024] [mpm_winnt:notice] [pid 8484:tid 460] AH00456: Apache Lounge VS16 Server built: Jun 22 2022 09:58:15
[Wed Apr 03 14:17:37.368740 2024] [core:notice] [pid 8484:tid 460] AH00094: Command line: 'C:\\laragon\\bin\\apache\\httpd-2.4.54-win64-VS16\\bin\\httpd -d C:/laragon/bin/apache/httpd-2.4.54-win64-VS16'
[Wed Apr 03 14:17:37.372738 2024] [mpm_winnt:notice] [pid 8484:tid 460] AH00418: Parent: Created child process 14420
Apache server restarting...
2024] [mpm_winnt:notice] [pid 14420:tid 432] AH00354: Child: Starting 64 worker threads.
[Wed Apr 03 15:31:30.965738 2024] [mpm_winnt:notice] [pid 8484:tid 460] AH00424: Parent: Received restart signal -- Restarting the server.
[Wed Apr 03 15:31:31.066002 2024] [mpm_winnt:notice] [pid 8484:tid 460] AH00455: Apache/2.4.54 (Win64) OpenSSL/1.1.1q PHP/8.1.10 configured -- resuming normal operations
[Wed Apr 03 15:31:31.066002 2024] [mpm_winnt:notice] [pid 8484:tid 460] AH00456: Apache Lounge VS16 Server built: Jun 22 2022 09:58:15
[Wed Apr 03 15:31:31.066002 2024] [core:notice] [pid 8484:tid 460] AH00094: Command line: 'C:\\laragon\\bin\\apache\\httpd-2.4.54-win64-VS16\\bin\\httpd -d C:/laragon/bin/apache/httpd-2.4.54-win64-VS16'
[Wed Apr 03 15:31:31.081639 2024] [mpm_winnt:notice] [pid 8484:tid 460] AH00418: Parent: Created child process 17384
Apache server restarting...
[Wed Apr 03 15:31:32.030149 2024] [mpm_winnt:notice] [pid 8484:tid 460] AH00424: Parent: Received restart signal -- Restarting the server.
Apache server restarting...
2024] [mpm_winnt:notice] [pid 17384:tid 432] AH00354: Child: Starting 64 worker threads.
[Wed Apr 03 15:31:32.040314 2024] [mpm_winnt:error] [pid 17384:tid 1232] (OS 10038)Se intentó realizar una operación en un elemento que no es un socket.  : AH00332: winnt_accept: getsockname error on listening socket, is IPv6 available?
[Wed Apr 03 15:31:32.040314 2024] [mpm_winnt:error] [pid 17384:tid 1228] (OS 10038)Se intentó realizar una operación en un elemento que no es un socket.  : AH00332: winnt_accept: getsockname error on listening socket, is IPv6 available?
[Wed Apr 03 15:31:32.040314 2024] [mpm_winnt:error] [pid 17384:tid 1220] (OS 10038)Se intentó realizar una operación en un elemento que no es un socket.  : AH00332: winnt_accept: getsockname error on listening socket, is IPv6 available?
[Wed Apr 03 15:31:32.040314 2024] [mpm_winnt:error] [pid 17384:tid 1224] (OS 10038)Se intentó realizar una operación en un elemento que no es un socket.  : AH00332: winnt_accept: getsockname error on listening socket, is IPv6 available?
[Wed Apr 03 15:31:32.110559 2024] [mpm_winnt:notice] [pid 8484:tid 460] AH00455: Apache/2.4.54 (Win64) OpenSSL/1.1.1q PHP/8.1.10 configured -- resuming normal operations
[Wed Apr 03 15:31:32.110559 2024] [mpm_winnt:notice] [pid 8484:tid 460] AH00456: Apache Lounge VS16 Server built: Jun 22 2022 09:58:15
[Wed Apr 03 15:31:32.110559 2024] [core:notice] [pid 8484:tid 460] AH00094: Command line: 'C:\\laragon\\bin\\apache\\httpd-2.4.54-win64-VS16\\bin\\httpd -d C:/laragon/bin/apache/httpd-2.4.54-win64-VS16'
[Wed Apr 03 15:31:32.120535 2024] [mpm_winnt:notice] [pid 8484:tid 460] AH00418: Parent: Created child process 15740
Apache server restarting...
[Wed Apr 03 15:31:32.853757 2024] [mpm_winnt:notice] [pid 8484:tid 460] AH00424: Parent: Received restart signal -- Restarting the server.
[Wed Apr 03 15:31:32.928792 2024] [mpm_winnt:notice] [pid 8484:tid 460] AH00455: Apache/2.4.54 (Win64) OpenSSL/1.1.1q PHP/8.1.10 configured -- resuming normal operations
[Wed Apr 03 15:31:32.928792 2024] [mpm_winnt:notice] [pid 8484:tid 460] AH00456: Apache Lounge VS16 Server built: Jun 22 2022 09:58:15
[Wed Apr 03 15:31:32.928792 2024] [core:notice] [pid 8484:tid 460] AH00094: Command line: 'C:\\laragon\\bin\\apache\\httpd-2.4.54-win64-VS16\\bin\\httpd -d C:/laragon/bin/apache/httpd-2.4.54-win64-VS16'
[Wed Apr 03 15:31:32.931791 2024] [mpm_winnt:notice] [pid 8484:tid 460] AH00418: Parent: Created child process 1944
Apache server interrupted...
024] [mpm_winnt:notice] [pid 14420:tid 432] AH00364: Child: All worker threads have exited.
[Wed Apr 03 15:31:33.045409 2024] [mpm_winnt:notice] [pid 15740:tid 456] AH00354: Child: Starting 64 worker threads.
[Wed Apr 03 15:31:33.045409 2024] [mpm_winnt:error] [pid 15740:tid 956] (OS 10038)Se intentó realizar una operación en un elemento que no es un socket.  : AH00332: winnt_accept: getsockname error on listening socket, is IPv6 available?
[Wed Apr 03 15:31:33.045409 2024] [mpm_winnt:error] [pid 15740:tid 952] (OS 10038)Se intentó realizar una operación en un elemento que no es un socket.  : AH00332: winnt_accept: getsockname error on listening socket, is IPv6 available?
[Wed Apr 03 15:31:33.045409 2024] [mpm_winnt:error] [pid 15740:tid 996] (OS 10038)Se intentó realizar una operación en un elemento que no es un socket.  : AH00332: winnt_accept: getsockname error on listening socket, is IPv6 available?
[Wed Apr 03 15:31:33.045409 2024] [mpm_winnt:error] [pid 15740:tid 992] (OS 10038)Se intentó realizar una operación en un elemento que no es un socket.  : AH00332: winnt_accept: getsockname error on listening socket, is IPv6 available?
[Wed Apr 03 15:31:34.056284 2024] [mpm_winnt:notice] [pid 1944:tid 456] AH00354: Child: Starting 64 worker threads.
[Wed Apr 03 15:31:34.056284 2024] [mpm_winnt:notice] [pid 17384:tid 432] AH00364: Child: All worker threads have exited.
[Wed Apr 03 15:31:35.060991 2024] [mpm_winnt:notice] [pid 15740:tid 456] AH00363: Child: Terminating 37 threads that failed to exit.
[Wed Apr 03 15:31:35.060991 2024] [mpm_winnt:notice] [pid 15740:tid 456] AH00364: Child: All worker threads have exited.
[Wed Apr 03 18:33:23.317568 2024] [mpm_winnt:notice] [pid 8484:tid 460] AH00422: Parent: Received shutdown signal -- Shutting down the server.
[Wed Apr 03 18:33:25.331966 2024] [mpm_winnt:notice] [pid 1944:tid 456] AH00364: Child: All worker threads have exited.
[Thu Apr 04 10:36:07.497974 2024] [core:warn] [pid 8616:tid 464] AH00098: pid file C:/laragon/bin/apache/httpd-2.4.54-win64-VS16/logs/httpd.pid overwritten -- Unclean shutdown of previous Apache run?
[Thu Apr 04 10:36:11.309069 2024] [mpm_winnt:notice] [pid 8616:tid 464] AH00455: Apache/2.4.54 (Win64) OpenSSL/1.1.1q PHP/8.1.10 configured -- resuming normal operations
[Thu Apr 04 10:36:11.309069 2024] [mpm_winnt:notice] [pid 8616:tid 464] AH00456: Apache Lounge VS16 Server built: Jun 22 2022 09:58:15
[Thu Apr 04 10:36:11.309069 2024] [core:notice] [pid 8616:tid 464] AH00094: Command line: 'C:\\laragon\\bin\\apache\\httpd-2.4.54-win64-VS16\\bin\\httpd -d C:/laragon/bin/apache/httpd-2.4.54-win64-VS16'
[Thu Apr 04 10:36:11.319062 2024] [mpm_winnt:notice] [pid 8616:tid 464] AH00418: Parent: Created child process 17156
Apache server restarting...
2024] [mpm_winnt:notice] [pid 17156:tid 456] AH00354: Child: Starting 64 worker threads.
[Thu Apr 04 11:06:57.158251 2024] [mpm_winnt:notice] [pid 8616:tid 464] AH00424: Parent: Received restart signal -- Restarting the server.
[Thu Apr 04 11:06:57.249953 2024] [mpm_winnt:notice] [pid 8616:tid 464] AH00455: Apache/2.4.54 (Win64) OpenSSL/1.1.1q PHP/8.1.10 configured -- resuming normal operations
[Thu Apr 04 11:06:57.249953 2024] [mpm_winnt:notice] [pid 8616:tid 464] AH00456: Apache Lounge VS16 Server built: Jun 22 2022 09:58:15
[Thu Apr 04 11:06:57.249953 2024] [core:notice] [pid 8616:tid 464] AH00094: Command line: 'C:\\laragon\\bin\\apache\\httpd-2.4.54-win64-VS16\\bin\\httpd -d C:/laragon/bin/apache/httpd-2.4.54-win64-VS16'
[Thu Apr 04 11:06:57.251952 2024] [mpm_winnt:notice] [pid 8616:tid 464] AH00418: Parent: Created child process 8608
[Thu Apr 04 11:06:58.160993 2024] [mpm_winnt:notice] [pid 8608:tid 432] AH00354: Child: Starting 64 worker threads.
[Thu Apr 04 11:06:59.169335 2024] [mpm_winnt:notice] [pid 17156:tid 456] AH00364: Child: All worker threads have exited.
[Thu Apr 04 11:07:06.784690 2024] [mpm_winnt:crit] [pid 8608:tid 432] AH02538: Child: Parent process exited abruptly. Child process is ending
[Thu Apr 04 11:07:11.320861 2024] [core:warn] [pid 16736:tid 440] AH00098: pid file C:/laragon/bin/apache/httpd-2.4.54-win64-VS16/logs/httpd.pid overwritten -- Unclean shutdown of previous Apache run?
[Thu Apr 04 11:07:11.372834 2024] [mpm_winnt:notice] [pid 16736:tid 440] AH00455: Apache/2.4.54 (Win64) OpenSSL/1.1.1q PHP/8.1.10 configured -- resuming normal operations
[Thu Apr 04 11:07:11.372834 2024] [mpm_winnt:notice] [pid 16736:tid 440] AH00456: Apache Lounge VS16 Server built: Jun 22 2022 09:58:15
[Thu Apr 04 11:07:11.372834 2024] [core:notice] [pid 16736:tid 440] AH00094: Command line: 'C:\\laragon\\bin\\apache\\httpd-2.4.54-win64-VS16\\bin\\httpd -d C:/laragon/bin/apache/httpd-2.4.54-win64-VS16'
[Thu Apr 04 11:07:11.376831 2024] [mpm_winnt:notice] [pid 16736:tid 440] AH00418: Parent: Created child process 17100
[Thu Apr 04 11:07:12.267874 2024] [mpm_winnt:notice] [pid 17100:tid 440] AH00354: Child: Starting 64 worker threads.
[Thu Apr 04 18:42:03.722589 2024] [mpm_winnt:crit] [pid 17100:tid 440] AH02538: Child: Parent process exited abruptly. Child process is ending
[Thu Apr 04 18:42:05.735968 2024] [mpm_winnt:notice] [pid 17100:tid 440] AH00364: Child: All worker threads have exited.
[Thu Apr 04 18:42:17.143760 2024] [core:warn] [pid 9356:tid 432] AH00098: pid file C:/laragon/bin/apache/httpd-2.4.54-win64-VS16/logs/httpd.pid overwritten -- Unclean shutdown of previous Apache run?
[Thu Apr 04 18:42:20.412199 2024] [mpm_winnt:notice] [pid 9356:tid 432] AH00455: Apache/2.4.54 (Win64) OpenSSL/1.1.1q PHP/8.1.10 configured -- resuming normal operations
[Thu Apr 04 18:42:20.412199 2024] [mpm_winnt:notice] [pid 9356:tid 432] AH00456: Apache Lounge VS16 Server built: Jun 22 2022 09:58:15
[Thu Apr 04 18:42:20.412199 2024] [core:notice] [pid 9356:tid 432] AH00094: Command line: 'C:\\laragon\\bin\\apache\\httpd-2.4.54-win64-VS16\\bin\\httpd -d C:/laragon/bin/apache/httpd-2.4.54-win64-VS16'
[Thu Apr 04 18:42:20.416196 2024] [mpm_winnt:notice] [pid 9356:tid 432] AH00418: Parent: Created child process 18484
Apache server interrupted...
024] [mpm_winnt:notice] [pid 18484:tid 456] AH00354: Child: Starting 64 worker threads.
[Thu Apr 04 18:57:14.521861 2024] [mpm_winnt:notice] [pid 9356:tid 432] AH00422: Parent: Received shutdown signal -- Shutting down the server.
[Thu Apr 04 18:57:16.535681 2024] [mpm_winnt:notice] [pid 18484:tid 456] AH00364: Child: All worker threads have exited.
[Mon Apr 08 09:51:01.056928 2024] [core:warn] [pid 9592:tid 456] AH00098: pid file C:/laragon/bin/apache/httpd-2.4.54-win64-VS16/logs/httpd.pid overwritten -- Unclean shutdown of previous Apache run?
[Mon Apr 08 09:51:04.678421 2024] [mpm_winnt:notice] [pid 9592:tid 456] AH00455: Apache/2.4.54 (Win64) OpenSSL/1.1.1q PHP/8.1.10 configured -- resuming normal operations
[Mon Apr 08 09:51:04.678421 2024] [mpm_winnt:notice] [pid 9592:tid 456] AH00456: Apache Lounge VS16 Server built: Jun 22 2022 09:58:15
[Mon Apr 08 09:51:04.678421 2024] [core:notice] [pid 9592:tid 456] AH00094: Command line: 'C:\\laragon\\bin\\apache\\httpd-2.4.54-win64-VS16\\bin\\httpd -d C:/laragon/bin/apache/httpd-2.4.54-win64-VS16'
[Mon Apr 08 09:51:04.682418 2024] [mpm_winnt:notice] [pid 9592:tid 456] AH00418: Parent: Created child process 13768
Apache server restarting...
2024] [mpm_winnt:notice] [pid 13768:tid 440] AH00354: Child: Starting 64 worker threads.
[Mon Apr 08 10:17:25.128662 2024] [mpm_winnt:notice] [pid 9592:tid 456] AH00424: Parent: Received restart signal -- Restarting the server.
[Mon Apr 08 10:17:25.267532 2024] [mpm_winnt:notice] [pid 9592:tid 456] AH00455: Apache/2.4.54 (Win64) OpenSSL/1.1.1q PHP/8.1.10 configured -- resuming normal operations
[Mon Apr 08 10:17:25.267532 2024] [mpm_winnt:notice] [pid 9592:tid 456] AH00456: Apache Lounge VS16 Server built: Jun 22 2022 09:58:15
[Mon Apr 08 10:17:25.267532 2024] [core:notice] [pid 9592:tid 456] AH00094: Command line: 'C:\\laragon\\bin\\apache\\httpd-2.4.54-win64-VS16\\bin\\httpd -d C:/laragon/bin/apache/httpd-2.4.54-win64-VS16'
[Mon Apr 08 10:17:25.270527 2024] [mpm_winnt:notice] [pid 9592:tid 456] AH00418: Parent: Created child process 7800
Apache server restarting...
[Mon Apr 08 10:17:26.613454 2024] [mpm_winnt:notice] [pid 9592:tid 456] AH00424: Parent: Received restart signal -- Restarting the server.
[Mon Apr 08 10:17:26.617452 2024] [mpm_winnt:notice] [pid 7800:tid 436] AH00354: Child: Starting 64 worker threads.
[Mon Apr 08 10:17:26.621449 2024] [mpm_winnt:error] [pid 7800:tid 1204] (OS 10038)Se intentó realizar una operación en un elemento que no es un socket.  : AH00332: winnt_accept: getsockname error on listening socket, is IPv6 available?
[Mon Apr 08 10:17:26.621449 2024] [mpm_winnt:error] [pid 7800:tid 1200] (OS 10038)Se intentó realizar una operación en un elemento que no es un socket.  : AH00332: winnt_accept: getsockname error on listening socket, is IPv6 available?
[Mon Apr 08 10:17:26.621449 2024] [mpm_winnt:error] [pid 7800:tid 1196] (OS 10038)Se intentó realizar una operación en un elemento que no es un socket.  : AH00332: winnt_accept: getsockname error on listening socket, is IPv6 available?
[Mon Apr 08 10:17:26.621449 2024] [mpm_winnt:error] [pid 7800:tid 492] (OS 10038)Se intentó realizar una operación en un elemento que no es un socket.  : AH00332: winnt_accept: getsockname error on listening socket, is IPv6 available?
[Mon Apr 08 10:17:26.730384 2024] [mpm_winnt:notice] [pid 9592:tid 456] AH00455: Apache/2.4.54 (Win64) OpenSSL/1.1.1q PHP/8.1.10 configured -- resuming normal operations
[Mon Apr 08 10:17:26.730384 2024] [mpm_winnt:notice] [pid 9592:tid 456] AH00456: Apache Lounge VS16 Server built: Jun 22 2022 09:58:15
[Mon Apr 08 10:17:26.730384 2024] [core:notice] [pid 9592:tid 456] AH00094: Command line: 'C:\\laragon\\bin\\apache\\httpd-2.4.54-win64-VS16\\bin\\httpd -d C:/laragon/bin/apache/httpd-2.4.54-win64-VS16'
[Mon Apr 08 10:17:26.735382 2024] [mpm_winnt:notice] [pid 9592:tid 456] AH00418: Parent: Created child process 11908
Apache server interrupted...
024] [mpm_winnt:notice] [pid 13768:tid 440] AH00364: Child: All worker threads have exited.
[Mon Apr 08 10:17:27.622547 2024] [mpm_winnt:notice] [pid 11908:tid 440] AH00354: Child: Starting 64 worker threads.
[Mon Apr 08 10:17:28.637416 2024] [mpm_winnt:notice] [pid 7800:tid 436] AH00363: Child: Terminating 63 threads that failed to exit.
[Mon Apr 08 10:17:28.637416 2024] [mpm_winnt:notice] [pid 7800:tid 436] AH00364: Child: All worker threads have exited.
[Mon Apr 08 14:08:47.996347 2024] [mpm_winnt:notice] [pid 9592:tid 456] AH00422: Parent: Received shutdown signal -- Shutting down the server.
[Mon Apr 08 14:31:16.964473 2024] [core:warn] [pid 14296:tid 456] AH00098: pid file C:/laragon/bin/apache/httpd-2.4.54-win64-VS16/logs/httpd.pid overwritten -- Unclean shutdown of previous Apache run?
[Mon Apr 08 14:31:17.028422 2024] [mpm_winnt:notice] [pid 14296:tid 456] AH00455: Apache/2.4.54 (Win64) OpenSSL/1.1.1q PHP/8.1.10 configured -- resuming normal operations
[Mon Apr 08 14:31:17.028422 2024] [mpm_winnt:notice] [pid 14296:tid 456] AH00456: Apache Lounge VS16 Server built: Jun 22 2022 09:58:15
[Mon Apr 08 14:31:17.028422 2024] [core:notice] [pid 14296:tid 456] AH00094: Command line: 'C:\\laragon\\bin\\apache\\httpd-2.4.54-win64-VS16\\bin\\httpd -d C:/laragon/bin/apache/httpd-2.4.54-win64-VS16'
[Mon Apr 08 14:31:17.032418 2024] [mpm_winnt:notice] [pid 14296:tid 456] AH00418: Parent: Created child process 13076
Apache server interrupted...
024] [mpm_winnt:notice] [pid 13076:tid 488] AH00354: Child: Starting 64 worker threads.
[Mon Apr 08 14:41:59.412907 2024] [mpm_winnt:notice] [pid 14296:tid 456] AH00422: Parent: Received shutdown signal -- Shutting down the server.
[Mon Apr 08 14:42:01.421821 2024] [mpm_winnt:notice] [pid 13076:tid 488] AH00364: Child: All worker threads have exited.
[Mon Apr 08 14:42:20.813830 2024] [core:warn] [pid 10644:tid 444] AH00098: pid file C:/laragon/bin/apache/httpd-2.4.54-win64-VS16/logs/httpd.pid overwritten -- Unclean shutdown of previous Apache run?
[Mon Apr 08 14:42:20.875547 2024] [mpm_winnt:notice] [pid 10644:tid 444] AH00455: Apache/2.4.54 (Win64) OpenSSL/1.1.1q PHP/8.1.10 configured -- resuming normal operations
[Mon Apr 08 14:42:20.875547 2024] [mpm_winnt:notice] [pid 10644:tid 444] AH00456: Apache Lounge VS16 Server built: Jun 22 2022 09:58:15
[Mon Apr 08 14:42:20.875547 2024] [core:notice] [pid 10644:tid 444] AH00094: Command line: 'C:\\laragon\\bin\\apache\\httpd-2.4.54-win64-VS16\\bin\\httpd -d C:/laragon/bin/apache/httpd-2.4.54-win64-VS16'
[Mon Apr 08 14:42:20.879543 2024] [mpm_winnt:notice] [pid 10644:tid 444] AH00418: Parent: Created child process 12652
Apache server restarting...
2024] [mpm_winnt:notice] [pid 12652:tid 440] AH00354: Child: Starting 64 worker threads.
[Mon Apr 08 15:26:26.921602 2024] [mpm_winnt:notice] [pid 10644:tid 444] AH00424: Parent: Received restart signal -- Restarting the server.
Apache server restarting...
Apache server restarting...
Apache server restarting...
[Mon Apr 08 15:26:28.721710 2024] [mpm_winnt:notice] [pid 10644:tid 444] AH00455: Apache/2.4.54 (Win64) OpenSSL/1.1.1q PHP/8.1.10 configured -- resuming normal operations
[Mon Apr 08 15:26:28.721710 2024] [mpm_winnt:notice] [pid 10644:tid 444] AH00456: Apache Lounge VS16 Server built: Jun 22 2022 09:58:15
[Mon Apr 08 15:26:28.721710 2024] [core:notice] [pid 10644:tid 444] AH00094: Command line: 'C:\\laragon\\bin\\apache\\httpd-2.4.54-win64-VS16\\bin\\httpd -d C:/laragon/bin/apache/httpd-2.4.54-win64-VS16'
[Mon Apr 08 15:26:28.731409 2024] [mpm_winnt:notice] [pid 10644:tid 444] AH00418: Parent: Created child process 14492
[Mon Apr 08 15:26:28.961675 2024] [mpm_winnt:notice] [pid 12652:tid 440] AH00364: Child: All worker threads have exited.
[Mon Apr 08 15:26:29.671470 2024] [mpm_winnt:notice] [pid 10644:tid 444] AH00424: Parent: Received restart signal -- Restarting the server.
[Mon Apr 08 15:26:29.671470 2024] [mpm_winnt:notice] [pid 14492:tid 456] AH00354: Child: Starting 64 worker threads.
[Mon Apr 08 15:26:29.680754 2024] [mpm_winnt:error] [pid 14492:tid 1196] (OS 10038)Se intentó realizar una operación en un elemento que no es un socket.  : AH00332: winnt_accept: getsockname error on listening socket, is IPv6 available?
[Mon Apr 08 15:26:29.681403 2024] [mpm_winnt:error] [pid 14492:tid 1200] (OS 10038)Se intentó realizar una operación en un elemento que no es un socket.  : AH00332: winnt_accept: getsockname error on listening socket, is IPv6 available?
[Mon Apr 08 15:26:29.681403 2024] [mpm_winnt:error] [pid 14492:tid 684] (OS 10038)Se intentó realizar una operación en un elemento que no es un socket.  : AH00332: winnt_accept: getsockname error on listening socket, is IPv6 available?
[Mon Apr 08 15:26:29.681403 2024] [mpm_winnt:error] [pid 14492:tid 1212] (OS 10038)Se intentó realizar una operación en un elemento que no es un socket.  : AH00332: winnt_accept: getsockname error on listening socket, is IPv6 available?
[Mon Apr 08 15:26:29.761331 2024] [mpm_winnt:notice] [pid 10644:tid 444] AH00455: Apache/2.4.54 (Win64) OpenSSL/1.1.1q PHP/8.1.10 configured -- resuming normal operations
[Mon Apr 08 15:26:29.761331 2024] [mpm_winnt:notice] [pid 10644:tid 444] AH00456: Apache Lounge VS16 Server built: Jun 22 2022 09:58:15
[Mon Apr 08 15:26:29.761331 2024] [core:notice] [pid 10644:tid 444] AH00094: Command line: 'C:\\laragon\\bin\\apache\\httpd-2.4.54-win64-VS16\\bin\\httpd -d C:/laragon/bin/apache/httpd-2.4.54-win64-VS16'
[Mon Apr 08 15:26:29.761331 2024] [mpm_winnt:notice] [pid 10644:tid 444] AH00418: Parent: Created child process 15152
Apache server restarting...
2024] [mpm_winnt:notice] [pid 15152:tid 444] AH00354: Child: Starting 64 worker threads.
[Mon Apr 08 15:26:31.691424 2024] [mpm_winnt:notice] [pid 14492:tid 456] AH00364: Child: All worker threads have exited.
[Mon Apr 08 15:45:42.061534 2024] [mpm_winnt:notice] [pid 10644:tid 444] AH00424: Parent: Received restart signal -- Restarting the server.
[Mon Apr 08 15:45:42.182350 2024] [mpm_winnt:notice] [pid 10644:tid 444] AH00455: Apache/2.4.54 (Win64) OpenSSL/1.1.1q PHP/8.1.10 configured -- resuming normal operations
[Mon Apr 08 15:45:42.182350 2024] [mpm_winnt:notice] [pid 10644:tid 444] AH00456: Apache Lounge VS16 Server built: Jun 22 2022 09:58:15
[Mon Apr 08 15:45:42.182350 2024] [core:notice] [pid 10644:tid 444] AH00094: Command line: 'C:\\laragon\\bin\\apache\\httpd-2.4.54-win64-VS16\\bin\\httpd -d C:/laragon/bin/apache/httpd-2.4.54-win64-VS16'
[Mon Apr 08 15:45:42.184999 2024] [mpm_winnt:notice] [pid 10644:tid 444] AH00418: Parent: Created child process 10236
Apache server interrupted...
024] [mpm_winnt:notice] [pid 10236:tid 440] AH00354: Child: Starting 64 worker threads.
[Mon Apr 08 15:45:44.076876 2024] [mpm_winnt:notice] [pid 15152:tid 444] AH00364: Child: All worker threads have exited.
[Tue Apr 09 12:42:47.122842 2024] [mpm_winnt:notice] [pid 10644:tid 444] AH00422: Parent: Received shutdown signal -- Shutting down the server.
[Tue Apr 09 12:42:49.147483 2024] [mpm_winnt:notice] [pid 10236:tid 440] AH00364: Child: All worker threads have exited.
[Tue Apr 09 18:15:44.432150 2024] [core:warn] [pid 9268:tid 440] AH00098: pid file C:/laragon/bin/apache/httpd-2.4.54-win64-VS16/logs/httpd.pid overwritten -- Unclean shutdown of previous Apache run?
[Tue Apr 09 18:15:49.875388 2024] [mpm_winnt:notice] [pid 9268:tid 440] AH00455: Apache/2.4.54 (Win64) OpenSSL/1.1.1q PHP/8.1.10 configured -- resuming normal operations
[Tue Apr 09 18:15:49.875388 2024] [mpm_winnt:notice] [pid 9268:tid 440] AH00456: Apache Lounge VS16 Server built: Jun 22 2022 09:58:15
[Tue Apr 09 18:15:49.875388 2024] [core:notice] [pid 9268:tid 440] AH00094: Command line: 'C:\\laragon\\bin\\apache\\httpd-2.4.54-win64-VS16\\bin\\httpd -d C:/laragon/bin/apache/httpd-2.4.54-win64-VS16'
[Tue Apr 09 18:15:49.879385 2024] [mpm_winnt:notice] [pid 9268:tid 440] AH00418: Parent: Created child process 11716
[Tue Apr 09 18:15:50.570424 2024] [mpm_winnt:notice] [pid 11716:tid 440] AH00354: Child: Starting 64 worker threads.
[Tue Apr 09 18:18:07.910627 2024] [mpm_winnt:crit] [pid 11716:tid 440] AH02538: Child: Parent process exited abruptly. Child process is ending
[Tue Apr 09 18:19:50.554065 2024] [core:warn] [pid 4116:tid 432] AH00098: pid file C:/laragon/bin/apache/httpd-2.4.54-win64-VS16/logs/httpd.pid overwritten -- Unclean shutdown of previous Apache run?
[Tue Apr 09 18:19:50.607033 2024] [mpm_winnt:notice] [pid 4116:tid 432] AH00455: Apache/2.4.54 (Win64) OpenSSL/1.1.1q PHP/8.1.10 configured -- resuming normal operations
[Tue Apr 09 18:19:50.607033 2024] [mpm_winnt:notice] [pid 4116:tid 432] AH00456: Apache Lounge VS16 Server built: Jun 22 2022 09:58:15
[Tue Apr 09 18:19:50.607033 2024] [core:notice] [pid 4116:tid 432] AH00094: Command line: 'C:\\laragon\\bin\\apache\\httpd-2.4.54-win64-VS16\\bin\\httpd -d C:/laragon/bin/apache/httpd-2.4.54-win64-VS16'
[Tue Apr 09 18:19:50.611031 2024] [mpm_winnt:notice] [pid 4116:tid 432] AH00418: Parent: Created child process 22636
Apache server interrupted...
024] [mpm_winnt:notice] [pid 22636:tid 464] AH00354: Child: Starting 64 worker threads.
[Tue Apr 09 18:23:48.127082 2024] [mpm_winnt:notice] [pid 4116:tid 432] AH00422: Parent: Received shutdown signal -- Shutting down the server.
[Tue Apr 09 18:23:50.136127 2024] [mpm_winnt:notice] [pid 22636:tid 464] AH00364: Child: All worker threads have exited.
[Tue Apr 09 18:25:41.490348 2024] [core:warn] [pid 21516:tid 496] AH00098: pid file C:/laragon/bin/apache/httpd-2.4.54-win64-VS16/logs/httpd.pid overwritten -- Unclean shutdown of previous Apache run?
[Tue Apr 09 18:25:41.546287 2024] [mpm_winnt:notice] [pid 21516:tid 496] AH00455: Apache/2.4.54 (Win64) OpenSSL/1.1.1q PHP/8.1.10 configured -- resuming normal operations
[Tue Apr 09 18:25:41.546287 2024] [mpm_winnt:notice] [pid 21516:tid 496] AH00456: Apache Lounge VS16 Server built: Jun 22 2022 09:58:15
[Tue Apr 09 18:25:41.546287 2024] [core:notice] [pid 21516:tid 496] AH00094: Command line: 'C:\\laragon\\bin\\apache\\httpd-2.4.54-win64-VS16\\bin\\httpd -d C:/laragon/bin/apache/httpd-2.4.54-win64-VS16'
[Tue Apr 09 18:25:41.551066 2024] [mpm_winnt:notice] [pid 21516:tid 496] AH00418: Parent: Created child process 15696
Apache server interrupted...
024] [mpm_winnt:notice] [pid 15696:tid 460] AH00354: Child: Starting 64 worker threads.
[Tue Apr 09 19:37:43.247452 2024] [mpm_winnt:notice] [pid 21516:tid 496] AH00422: Parent: Received shutdown signal -- Shutting down the server.
[Tue Apr 09 19:37:45.278641 2024] [mpm_winnt:notice] [pid 15696:tid 460] AH00364: Child: All worker threads have exited.
[Wed Apr 10 10:44:04.248759 2024] [core:warn] [pid 8812:tid 432] AH00098: pid file C:/laragon/bin/apache/httpd-2.4.54-win64-VS16/logs/httpd.pid overwritten -- Unclean shutdown of previous Apache run?
[Wed Apr 10 10:44:07.207545 2024] [mpm_winnt:notice] [pid 8812:tid 432] AH00455: Apache/2.4.54 (Win64) OpenSSL/1.1.1q PHP/8.1.10 configured -- resuming normal operations
[Wed Apr 10 10:44:07.207545 2024] [mpm_winnt:notice] [pid 8812:tid 432] AH00456: Apache Lounge VS16 Server built: Jun 22 2022 09:58:15
[Wed Apr 10 10:44:07.207545 2024] [core:notice] [pid 8812:tid 432] AH00094: Command line: 'C:\\laragon\\bin\\apache\\httpd-2.4.54-win64-VS16\\bin\\httpd -d C:/laragon/bin/apache/httpd-2.4.54-win64-VS16'
[Wed Apr 10 10:44:07.237817 2024] [mpm_winnt:notice] [pid 8812:tid 432] AH00418: Parent: Created child process 12832
Apache server interrupted...
024] [mpm_winnt:notice] [pid 12832:tid 488] AH00354: Child: Starting 64 worker threads.
[Wed Apr 10 17:26:55.761926 2024] [mpm_winnt:notice] [pid 8812:tid 432] AH00422: Parent: Received shutdown signal -- Shutting down the server.
[Wed Apr 10 17:26:57.783334 2024] [mpm_winnt:notice] [pid 12832:tid 488] AH00364: Child: All worker threads have exited.
[Thu Apr 11 11:57:23.030608 2024] [core:warn] [pid 4984:tid 444] AH00098: pid file C:/laragon/bin/apache/httpd-2.4.54-win64-VS16/logs/httpd.pid overwritten -- Unclean shutdown of previous Apache run?
[Thu Apr 11 11:57:28.442856 2024] [mpm_winnt:notice] [pid 4984:tid 444] AH00455: Apache/2.4.54 (Win64) OpenSSL/1.1.1q PHP/8.1.10 configured -- resuming normal operations
[Thu Apr 11 11:57:28.442856 2024] [mpm_winnt:notice] [pid 4984:tid 444] AH00456: Apache Lounge VS16 Server built: Jun 22 2022 09:58:15
[Thu Apr 11 11:57:28.442856 2024] [core:notice] [pid 4984:tid 444] AH00094: Command line: 'C:\\laragon\\bin\\apache\\httpd-2.4.54-win64-VS16\\bin\\httpd -d C:/laragon/bin/apache/httpd-2.4.54-win64-VS16'
[Thu Apr 11 11:57:28.469933 2024] [mpm_winnt:notice] [pid 4984:tid 444] AH00418: Parent: Created child process 7204
[Thu Apr 11 11:57:29.465390 2024] [mpm_winnt:notice] [pid 7204:tid 444] AH00354: Child: Starting 64 worker threads.
[Fri Apr 12 09:39:40.900506 2024] [core:warn] [pid 10252:tid 452] AH00098: pid file C:/laragon/bin/apache/httpd-2.4.54-win64-VS16/logs/httpd.pid overwritten -- Unclean shutdown of previous Apache run?
[Fri Apr 12 09:39:47.754180 2024] [mpm_winnt:notice] [pid 10252:tid 452] AH00455: Apache/2.4.54 (Win64) OpenSSL/1.1.1q PHP/8.1.10 configured -- resuming normal operations
[Fri Apr 12 09:39:47.754180 2024] [mpm_winnt:notice] [pid 10252:tid 452] AH00456: Apache Lounge VS16 Server built: Jun 22 2022 09:58:15
[Fri Apr 12 09:39:47.754180 2024] [core:notice] [pid 10252:tid 452] AH00094: Command line: 'C:\\laragon\\bin\\apache\\httpd-2.4.54-win64-VS16\\bin\\httpd -d C:/laragon/bin/apache/httpd-2.4.54-win64-VS16'
[Fri Apr 12 09:39:47.793489 2024] [mpm_winnt:notice] [pid 10252:tid 452] AH00418: Parent: Created child process 13216
Apache server restarting...
2024] [mpm_winnt:notice] [pid 13216:tid 432] AH00354: Child: Starting 64 worker threads.
[Fri Apr 12 11:38:08.873343 2024] [mpm_winnt:notice] [pid 10252:tid 452] AH00424: Parent: Received restart signal -- Restarting the server.
Apache server restarting...
[Fri Apr 12 11:38:10.506416 2024] [mpm_winnt:notice] [pid 10252:tid 452] AH00455: Apache/2.4.54 (Win64) OpenSSL/1.1.1q PHP/8.1.10 configured -- resuming normal operations
[Fri Apr 12 11:38:10.506416 2024] [mpm_winnt:notice] [pid 10252:tid 452] AH00456: Apache Lounge VS16 Server built: Jun 22 2022 09:58:15
[Fri Apr 12 11:38:10.506416 2024] [core:notice] [pid 10252:tid 452] AH00094: Command line: 'C:\\laragon\\bin\\apache\\httpd-2.4.54-win64-VS16\\bin\\httpd -d C:/laragon/bin/apache/httpd-2.4.54-win64-VS16'
[Fri Apr 12 11:38:10.508628 2024] [mpm_winnt:notice] [pid 10252:tid 452] AH00418: Parent: Created child process 2980
[Fri Apr 12 11:38:10.916416 2024] [mpm_winnt:notice] [pid 13216:tid 432] AH00364: Child: All worker threads have exited.
[Fri Apr 12 11:38:11.448951 2024] [mpm_winnt:notice] [pid 10252:tid 452] AH00424: Parent: Received restart signal -- Restarting the server.
[Fri Apr 12 11:38:11.450953 2024] [mpm_winnt:notice] [pid 2980:tid 456] AH00354: Child: Starting 64 worker threads.
[Fri Apr 12 11:38:11.453951 2024] [mpm_winnt:error] [pid 2980:tid 1204] (OS 10038)Se intentó realizar una operación en un elemento que no es un socket.  : AH00332: winnt_accept: getsockname error on listening socket, is IPv6 available?
[Fri Apr 12 11:38:11.453951 2024] [mpm_winnt:error] [pid 2980:tid 668] (OS 10038)Se intentó realizar una operación en un elemento que no es un socket.  : AH00332: winnt_accept: getsockname error on listening socket, is IPv6 available?
[Fri Apr 12 11:38:11.453951 2024] [mpm_winnt:error] [pid 2980:tid 1212] (OS 10038)Se intentó realizar una operación en un elemento que no es un socket.  : AH00332: winnt_accept: getsockname error on listening socket, is IPv6 available?
[Fri Apr 12 11:38:11.453951 2024] [mpm_winnt:error] [pid 2980:tid 1220] (OS 10038)Se intentó realizar una operación en un elemento que no es un socket.  : AH00332: winnt_accept: getsockname error on listening socket, is IPv6 available?
[Fri Apr 12 11:38:11.528041 2024] [mpm_winnt:notice] [pid 10252:tid 452] AH00455: Apache/2.4.54 (Win64) OpenSSL/1.1.1q PHP/8.1.10 configured -- resuming normal operations
[Fri Apr 12 11:38:11.528041 2024] [mpm_winnt:notice] [pid 10252:tid 452] AH00456: Apache Lounge VS16 Server built: Jun 22 2022 09:58:15
[Fri Apr 12 11:38:11.528041 2024] [core:notice] [pid 10252:tid 452] AH00094: Command line: 'C:\\laragon\\bin\\apache\\httpd-2.4.54-win64-VS16\\bin\\httpd -d C:/laragon/bin/apache/httpd-2.4.54-win64-VS16'
[Fri Apr 12 11:38:11.530040 2024] [mpm_winnt:notice] [pid 10252:tid 452] AH00418: Parent: Created child process 14580
[Fri Apr 12 11:38:12.454341 2024] [mpm_winnt:notice] [pid 14580:tid 444] AH00354: Child: Starting 64 worker threads.
[Fri Apr 12 11:38:13.480668 2024] [mpm_winnt:notice] [pid 2980:tid 456] AH00364: Child: All worker threads have exited.
[Mon Apr 15 11:01:38.040712 2024] [core:warn] [pid 12712:tid 452] AH00098: pid file C:/laragon/bin/apache/httpd-2.4.54-win64-VS16/logs/httpd.pid overwritten -- Unclean shutdown of previous Apache run?
[Mon Apr 15 11:02:08.768707 2024] [mpm_winnt:notice] [pid 12712:tid 452] AH00455: Apache/2.4.54 (Win64) OpenSSL/1.1.1q PHP/8.1.10 configured -- resuming normal operations
[Mon Apr 15 11:02:08.768707 2024] [mpm_winnt:notice] [pid 12712:tid 452] AH00456: Apache Lounge VS16 Server built: Jun 22 2022 09:58:15
[Mon Apr 15 11:02:08.768707 2024] [core:notice] [pid 12712:tid 452] AH00094: Command line: 'C:\\laragon\\bin\\apache\\httpd-2.4.54-win64-VS16\\bin\\httpd -d C:/laragon/bin/apache/httpd-2.4.54-win64-VS16'
[Mon Apr 15 11:02:08.772707 2024] [mpm_winnt:notice] [pid 12712:tid 452] AH00418: Parent: Created child process 1952
Apache server interrupted...
024] [mpm_winnt:notice] [pid 1952:tid 436] AH00354: Child: Starting 64 worker threads.
[Mon Apr 15 11:02:11.474058 2024] [mpm_winnt:notice] [pid 12712:tid 452] AH00422: Parent: Received shutdown signal -- Shutting down the server.
[Mon Apr 15 11:02:13.485579 2024] [mpm_winnt:notice] [pid 1952:tid 436] AH00364: Child: All worker threads have exited.
[Mon Apr 15 11:07:29.657913 2024] [core:warn] [pid 11016:tid 452] AH00098: pid file C:/laragon/bin/apache/httpd-2.4.54-win64-VS16/logs/httpd.pid overwritten -- Unclean shutdown of previous Apache run?
[Mon Apr 15 11:07:29.720877 2024] [mpm_winnt:notice] [pid 11016:tid 452] AH00455: Apache/2.4.54 (Win64) OpenSSL/1.1.1q PHP/8.1.10 configured -- resuming normal operations
[Mon Apr 15 11:07:29.720877 2024] [mpm_winnt:notice] [pid 11016:tid 452] AH00456: Apache Lounge VS16 Server built: Jun 22 2022 09:58:15
[Mon Apr 15 11:07:29.720877 2024] [core:notice] [pid 11016:tid 452] AH00094: Command line: 'C:\\laragon\\bin\\apache\\httpd-2.4.54-win64-VS16\\bin\\httpd -d C:/laragon/bin/apache/httpd-2.4.54-win64-VS16'
[Mon Apr 15 11:07:29.725000 2024] [mpm_winnt:notice] [pid 11016:tid 452] AH00418: Parent: Created child process 11104
[Mon Apr 15 11:07:30.677696 2024] [mpm_winnt:notice] [pid 11104:tid 452] AH00354: Child: Starting 64 worker threads.
[Mon Apr 15 11:08:31.960833 2024] [mpm_winnt:crit] [pid 11104:tid 452] AH02538: Child: Parent process exited abruptly. Child process is ending
[Mon Apr 15 11:13:35.563396 2024] [core:warn] [pid 7020:tid 448] AH00098: pid file C:/laragon/bin/apache/httpd-2.4.54-win64-VS16/logs/httpd.pid overwritten -- Unclean shutdown of previous Apache run?
[Mon Apr 15 11:13:35.636721 2024] [mpm_winnt:notice] [pid 7020:tid 448] AH00455: Apache/2.4.54 (Win64) OpenSSL/1.1.1q PHP/8.1.10 configured -- resuming normal operations
[Mon Apr 15 11:13:35.636721 2024] [mpm_winnt:notice] [pid 7020:tid 448] AH00456: Apache Lounge VS16 Server built: Jun 22 2022 09:58:15
[Mon Apr 15 11:13:35.636721 2024] [core:notice] [pid 7020:tid 448] AH00094: Command line: 'C:\\laragon\\bin\\apache\\httpd-2.4.54-win64-VS16\\bin\\httpd -d C:/laragon/bin/apache/httpd-2.4.54-win64-VS16'
[Mon Apr 15 11:13:35.640717 2024] [mpm_winnt:notice] [pid 7020:tid 448] AH00418: Parent: Created child process 7508
Apache server interrupted...
024] [mpm_winnt:notice] [pid 7508:tid 444] AH00354: Child: Starting 64 worker threads.
[Mon Apr 15 19:19:26.559265 2024] [mpm_winnt:notice] [pid 7020:tid 448] AH00422: Parent: Received shutdown signal -- Shutting down the server.
[Mon Apr 15 19:19:28.565706 2024] [mpm_winnt:notice] [pid 7508:tid 444] AH00364: Child: All worker threads have exited.
[Wed Apr 17 10:07:04.923381 2024] [core:warn] [pid 19684:tid 456] AH00098: pid file C:/laragon/bin/apache/httpd-2.4.54-win64-VS16/logs/httpd.pid overwritten -- Unclean shutdown of previous Apache run?
[Wed Apr 17 10:07:14.194473 2024] [mpm_winnt:notice] [pid 19684:tid 456] AH00455: Apache/2.4.54 (Win64) OpenSSL/1.1.1q PHP/8.1.10 configured -- resuming normal operations
[Wed Apr 17 10:07:14.194473 2024] [mpm_winnt:notice] [pid 19684:tid 456] AH00456: Apache Lounge VS16 Server built: Jun 22 2022 09:58:15
[Wed Apr 17 10:07:14.194473 2024] [core:notice] [pid 19684:tid 456] AH00094: Command line: 'C:\\laragon\\bin\\apache\\httpd-2.4.54-win64-VS16\\bin\\httpd -d C:/laragon/bin/apache/httpd-2.4.54-win64-VS16'
[Wed Apr 17 10:07:14.317621 2024] [mpm_winnt:notice] [pid 19684:tid 456] AH00418: Parent: Created child process 8344
Apache server interrupted...
024] [mpm_winnt:notice] [pid 8344:tid 432] AH00354: Child: Starting 64 worker threads.
[Wed Apr 17 10:07:45.545454 2024] [mpm_winnt:notice] [pid 19684:tid 456] AH00422: Parent: Received shutdown signal -- Shutting down the server.
[Wed Apr 17 10:07:47.562248 2024] [mpm_winnt:notice] [pid 8344:tid 432] AH00364: Child: All worker threads have exited.
[Wed Apr 17 10:10:43.909120 2024] [core:warn] [pid 16728:tid 464] AH00098: pid file C:/laragon/bin/apache/httpd-2.4.54-win64-VS16/logs/httpd.pid overwritten -- Unclean shutdown of previous Apache run?
[Wed Apr 17 10:10:43.983913 2024] [mpm_winnt:notice] [pid 16728:tid 464] AH00455: Apache/2.4.54 (Win64) OpenSSL/1.1.1q PHP/8.1.10 configured -- resuming normal operations
[Wed Apr 17 10:10:43.983913 2024] [mpm_winnt:notice] [pid 16728:tid 464] AH00456: Apache Lounge VS16 Server built: Jun 22 2022 09:58:15
[Wed Apr 17 10:10:43.983913 2024] [core:notice] [pid 16728:tid 464] AH00094: Command line: 'C:\\laragon\\bin\\apache\\httpd-2.4.54-win64-VS16\\bin\\httpd -d C:/laragon/bin/apache/httpd-2.4.54-win64-VS16'
[Wed Apr 17 10:10:43.987909 2024] [mpm_winnt:notice] [pid 16728:tid 464] AH00418: Parent: Created child process 17104
Apache server interrupted...
024] [mpm_winnt:notice] [pid 17104:tid 432] AH00354: Child: Starting 64 worker threads.
[Wed Apr 17 10:23:35.661989 2024] [mpm_winnt:notice] [pid 16728:tid 464] AH00422: Parent: Received shutdown signal -- Shutting down the server.
[Wed Apr 17 10:23:37.666062 2024] [mpm_winnt:notice] [pid 17104:tid 432] AH00364: Child: All worker threads have exited.
[Wed Apr 17 11:01:34.332264 2024] [core:warn] [pid 8612:tid 444] AH00098: pid file C:/laragon/bin/apache/httpd-2.4.54-win64-VS16/logs/httpd.pid overwritten -- Unclean shutdown of previous Apache run?
[Wed Apr 17 11:01:38.521607 2024] [mpm_winnt:notice] [pid 8612:tid 444] AH00455: Apache/2.4.54 (Win64) OpenSSL/1.1.1q PHP/8.1.10 configured -- resuming normal operations
[Wed Apr 17 11:01:38.521607 2024] [mpm_winnt:notice] [pid 8612:tid 444] AH00456: Apache Lounge VS16 Server built: Jun 22 2022 09:58:15
[Wed Apr 17 11:01:38.521607 2024] [core:notice] [pid 8612:tid 444] AH00094: Command line: 'C:\\laragon\\bin\\apache\\httpd-2.4.54-win64-VS16\\bin\\httpd -d C:/laragon/bin/apache/httpd-2.4.54-win64-VS16'
[Wed Apr 17 11:01:38.525598 2024] [mpm_winnt:notice] [pid 8612:tid 444] AH00418: Parent: Created child process 15888
Apache server interrupted...
024] [mpm_winnt:notice] [pid 15888:tid 464] AH00354: Child: Starting 64 worker threads.
[Wed Apr 17 18:05:37.421941 2024] [mpm_winnt:notice] [pid 8612:tid 444] AH00422: Parent: Received shutdown signal -- Shutting down the server.
[Wed Apr 17 18:05:39.436507 2024] [mpm_winnt:notice] [pid 15888:tid 464] AH00364: Child: All worker threads have exited.
[Thu Apr 18 13:41:28.409511 2024] [core:warn] [pid 21812:tid 432] AH00098: pid file C:/laragon/bin/apache/httpd-2.4.54-win64-VS16/logs/httpd.pid overwritten -- Unclean shutdown of previous Apache run?
[Thu Apr 18 13:41:33.315083 2024] [mpm_winnt:notice] [pid 21812:tid 432] AH00455: Apache/2.4.54 (Win64) OpenSSL/1.1.1q PHP/8.1.10 configured -- resuming normal operations
[Thu Apr 18 13:41:33.316083 2024] [mpm_winnt:notice] [pid 21812:tid 432] AH00456: Apache Lounge VS16 Server built: Jun 22 2022 09:58:15
[Thu Apr 18 13:41:33.316083 2024] [core:notice] [pid 21812:tid 432] AH00094: Command line: 'C:\\laragon\\bin\\apache\\httpd-2.4.54-win64-VS16\\bin\\httpd -d C:/laragon/bin/apache/httpd-2.4.54-win64-VS16'
[Thu Apr 18 13:41:33.323080 2024] [mpm_winnt:notice] [pid 21812:tid 432] AH00418: Parent: Created child process 14068
Apache server interrupted...
024] [mpm_winnt:notice] [pid 14068:tid 456] AH00354: Child: Starting 64 worker threads.
[Thu Apr 18 17:41:22.272570 2024] [mpm_winnt:notice] [pid 21812:tid 432] AH00422: Parent: Received shutdown signal -- Shutting down the server.
[Thu Apr 18 17:41:24.309157 2024] [mpm_winnt:notice] [pid 14068:tid 456] AH00364: Child: All worker threads have exited.
[Mon Apr 22 17:04:41.924862 2024] [core:warn] [pid 12512:tid 452] AH00098: pid file C:/laragon/bin/apache/httpd-2.4.54-win64-VS16/logs/httpd.pid overwritten -- Unclean shutdown of previous Apache run?
[Mon Apr 22 17:04:45.002940 2024] [mpm_winnt:notice] [pid 12512:tid 452] AH00455: Apache/2.4.54 (Win64) OpenSSL/1.1.1q PHP/8.1.10 configured -- resuming normal operations
[Mon Apr 22 17:04:45.002940 2024] [mpm_winnt:notice] [pid 12512:tid 452] AH00456: Apache Lounge VS16 Server built: Jun 22 2022 09:58:15
[Mon Apr 22 17:04:45.002940 2024] [core:notice] [pid 12512:tid 452] AH00094: Command line: 'C:\\laragon\\bin\\apache\\httpd-2.4.54-win64-VS16\\bin\\httpd -d C:/laragon/bin/apache/httpd-2.4.54-win64-VS16'
[Mon Apr 22 17:04:45.065415 2024] [mpm_winnt:notice] [pid 12512:tid 452] AH00418: Parent: Created child process 8568
Apache server interrupted...
024] [mpm_winnt:notice] [pid 8568:tid 440] AH00354: Child: Starting 64 worker threads.
[Mon Apr 22 17:07:26.442260 2024] [mpm_winnt:notice] [pid 12512:tid 452] AH00422: Parent: Received shutdown signal -- Shutting down the server.
[Mon Apr 22 17:07:28.456471 2024] [mpm_winnt:notice] [pid 8568:tid 440] AH00364: Child: All worker threads have exited.
[Mon Apr 22 17:12:47.007477 2024] [core:warn] [pid 14568:tid 432] AH00098: pid file C:/laragon/bin/apache/httpd-2.4.54-win64-VS16/logs/httpd.pid overwritten -- Unclean shutdown of previous Apache run?
[Mon Apr 22 17:12:47.060051 2024] [mpm_winnt:notice] [pid 14568:tid 432] AH00455: Apache/2.4.54 (Win64) OpenSSL/1.1.1q PHP/8.1.10 configured -- resuming normal operations
[Mon Apr 22 17:12:47.061051 2024] [mpm_winnt:notice] [pid 14568:tid 432] AH00456: Apache Lounge VS16 Server built: Jun 22 2022 09:58:15
[Mon Apr 22 17:12:47.061051 2024] [core:notice] [pid 14568:tid 432] AH00094: Command line: 'C:\\laragon\\bin\\apache\\httpd-2.4.54-win64-VS16\\bin\\httpd -d C:/laragon/bin/apache/httpd-2.4.54-win64-VS16'
[Mon Apr 22 17:12:47.064047 2024] [mpm_winnt:notice] [pid 14568:tid 432] AH00418: Parent: Created child process 13668
[Mon Apr 22 17:12:47.797212 2024] [mpm_winnt:notice] [pid 13668:tid 448] AH00354: Child: Starting 64 worker threads.
[Mon Apr 22 17:19:17.338757 2024] [mpm_winnt:crit] [pid 13668:tid 448] AH02538: Child: Parent process exited abruptly. Child process is ending
[Mon Apr 22 17:19:19.343139 2024] [mpm_winnt:notice] [pid 13668:tid 448] AH00364: Child: All worker threads have exited.
[Mon Apr 22 17:23:29.415729 2024] [core:warn] [pid 19432:tid 452] AH00098: pid file C:/laragon/bin/apache/httpd-2.4.54-win64-VS16/logs/httpd.pid overwritten -- Unclean shutdown of previous Apache run?
[Mon Apr 22 17:23:29.462603 2024] [mpm_winnt:notice] [pid 19432:tid 452] AH00455: Apache/2.4.54 (Win64) OpenSSL/1.1.1q PHP/8.1.10 configured -- resuming normal operations
[Mon Apr 22 17:23:29.462603 2024] [mpm_winnt:notice] [pid 19432:tid 452] AH00456: Apache Lounge VS16 Server built: Jun 22 2022 09:58:15
[Mon Apr 22 17:23:29.462603 2024] [core:notice] [pid 19432:tid 452] AH00094: Command line: 'C:\\laragon\\bin\\apache\\httpd-2.4.54-win64-VS16\\bin\\httpd -d C:/laragon/bin/apache/httpd-2.4.54-win64-VS16'
[Mon Apr 22 17:23:29.462603 2024] [mpm_winnt:notice] [pid 19432:tid 452] AH00418: Parent: Created child process 17656
Apache server interrupted...
024] [mpm_winnt:notice] [pid 17656:tid 448] AH00354: Child: Starting 64 worker threads.
[Mon Apr 22 18:50:17.152918 2024] [mpm_winnt:notice] [pid 19432:tid 452] AH00422: Parent: Received shutdown signal -- Shutting down the server.
[Mon Apr 22 18:50:19.169034 2024] [mpm_winnt:notice] [pid 17656:tid 448] AH00364: Child: All worker threads have exited.
[Mon May 20 11:57:21.050120 2024] [core:warn] [pid 11468:tid 444] AH00098: pid file C:/laragon/bin/apache/httpd-2.4.54-win64-VS16/logs/httpd.pid overwritten -- Unclean shutdown of previous Apache run?
[Mon May 20 11:57:25.029503 2024] [mpm_winnt:notice] [pid 11468:tid 444] AH00455: Apache/2.4.54 (Win64) OpenSSL/1.1.1q PHP/8.1.10 configured -- resuming normal operations
[Mon May 20 11:57:25.029503 2024] [mpm_winnt:notice] [pid 11468:tid 444] AH00456: Apache Lounge VS16 Server built: Jun 22 2022 09:58:15
[Mon May 20 11:57:25.029503 2024] [core:notice] [pid 11468:tid 444] AH00094: Command line: 'C:\\laragon\\bin\\apache\\httpd-2.4.54-win64-VS16\\bin\\httpd -d C:/laragon/bin/apache/httpd-2.4.54-win64-VS16'
[Mon May 20 11:57:25.034502 2024] [mpm_winnt:notice] [pid 11468:tid 444] AH00418: Parent: Created child process 3784
Apache server interrupted...
024] [mpm_winnt:notice] [pid 3784:tid 440] AH00354: Child: Starting 64 worker threads.
[Wed May 22 17:17:40.637435 2024] [mpm_winnt:notice] [pid 11468:tid 444] AH00422: Parent: Received shutdown signal -- Shutting down the server.
[Wed May 22 17:17:42.675749 2024] [mpm_winnt:notice] [pid 3784:tid 440] AH00364: Child: All worker threads have exited.
